{"/Users/macbook/Projects/yp/fresh_talk/src/app/api/api-auth.ts": {"path":"/Users/macbook/Projects/yp/fresh_talk/src/app/api/api-auth.ts","statementMap":{"0":{"start":{"line":1,"column":0},"end":{"line":1,"column":44}},"1":{"start":{"line":2,"column":0},"end":{"line":2,"column":50}},"2":{"start":{"line":7,"column":8},"end":{"line":12,"column":null}},"3":{"start":{"line":16,"column":8},"end":{"line":21,"column":null}},"4":{"start":{"line":25,"column":8},"end":{"line":26,"column":null}},"5":{"start":{"line":26,"column":24},"end":{"line":26,"column":69}},"6":{"start":{"line":30,"column":8},"end":{"line":30,"column":null}},"7":{"start":{"line":35,"column":13},"end":{"line":35,"column":null}}},"fnMap":{"0":{"name":"(anonymous_0)","decl":{"start":{"line":6,"column":4},"end":{"line":6,"column":10}},"loc":{"start":{"line":6,"column":18},"end":{"line":13,"column":5}}},"1":{"name":"(anonymous_1)","decl":{"start":{"line":15,"column":4},"end":{"line":15,"column":10}},"loc":{"start":{"line":15,"column":18},"end":{"line":22,"column":5}}},"2":{"name":"(anonymous_2)","decl":{"start":{"line":24,"column":4},"end":{"line":24,"column":8}},"loc":{"start":{"line":24,"column":8},"end":{"line":27,"column":5}}},"3":{"name":"(anonymous_3)","decl":{"start":{"line":26,"column":18},"end":{"line":26,"column":22}},"loc":{"start":{"line":26,"column":24},"end":{"line":26,"column":69}}},"4":{"name":"(anonymous_4)","decl":{"start":{"line":29,"column":4},"end":{"line":29,"column":10}},"loc":{"start":{"line":29,"column":10},"end":{"line":31,"column":5}}}},"branchMap":{},"s":{"0":1,"1":1,"2":0,"3":0,"4":0,"5":0,"6":0,"7":1},"f":{"0":0,"1":0,"2":0,"3":0,"4":0},"b":{}}
,"/Users/macbook/Projects/yp/fresh_talk/src/app/api/api-base.ts": {"path":"/Users/macbook/Projects/yp/fresh_talk/src/app/api/api-base.ts","statementMap":{"0":{"start":{"line":1,"column":0},"end":{"line":1,"column":39}},"1":{"start":{"line":3,"column":13},"end":{"line":3,"column":72}},"2":{"start":{"line":4,"column":13},"end":{"line":4,"column":81}},"3":{"start":{"line":5,"column":13},"end":{"line":5,"column":81}},"4":{"start":{"line":6,"column":13},"end":{"line":6,"column":82}},"5":{"start":{"line":8,"column":0},"end":{"line":8,"column":13}}},"fnMap":{"0":{"name":"(anonymous_0)","decl":{"start":{"line":9,"column":4},"end":{"line":9,"column":10}},"loc":{"start":{"line":9,"column":10},"end":{"line":9,"column":15}}},"1":{"name":"(anonymous_1)","decl":{"start":{"line":11,"column":4},"end":{"line":11,"column":11}},"loc":{"start":{"line":11,"column":11},"end":{"line":11,"column":16}}},"2":{"name":"(anonymous_2)","decl":{"start":{"line":13,"column":4},"end":{"line":13,"column":10}},"loc":{"start":{"line":13,"column":10},"end":{"line":13,"column":15}}},"3":{"name":"(anonymous_3)","decl":{"start":{"line":15,"column":4},"end":{"line":15,"column":10}},"loc":{"start":{"line":15,"column":10},"end":{"line":15,"column":15}}}},"branchMap":{},"s":{"0":1,"1":1,"2":1,"3":1,"4":1,"5":1},"f":{"0":0,"1":0,"2":0,"3":0},"b":{}}
,"/Users/macbook/Projects/yp/fresh_talk/src/app/api/api-chats.ts": {"path":"/Users/macbook/Projects/yp/fresh_talk/src/app/api/api-chats.ts","statementMap":{"0":{"start":{"line":1,"column":0},"end":{"line":1,"column":42}},"1":{"start":{"line":2,"column":0},"end":{"line":2,"column":50}},"2":{"start":{"line":8,"column":8},"end":{"line":9,"column":null}},"3":{"start":{"line":9,"column":26},"end":{"line":9,"column":71}},"4":{"start":{"line":13,"column":8},"end":{"line":18,"column":null}},"5":{"start":{"line":22,"column":8},"end":{"line":24,"column":null}},"6":{"start":{"line":29,"column":8},"end":{"line":29,"column":null}},"7":{"start":{"line":33,"column":8},"end":{"line":38,"column":null}},"8":{"start":{"line":42,"column":8},"end":{"line":47,"column":null}},"9":{"start":{"line":51,"column":8},"end":{"line":56,"column":null}},"10":{"start":{"line":62,"column":13},"end":{"line":62,"column":null}}},"fnMap":{"0":{"name":"(anonymous_0)","decl":{"start":{"line":7,"column":4},"end":{"line":7,"column":9}},"loc":{"start":{"line":7,"column":9},"end":{"line":10,"column":5}}},"1":{"name":"(anonymous_1)","decl":{"start":{"line":9,"column":18},"end":{"line":9,"column":22}},"loc":{"start":{"line":9,"column":26},"end":{"line":9,"column":71}}},"2":{"name":"(anonymous_2)","decl":{"start":{"line":12,"column":4},"end":{"line":12,"column":10}},"loc":{"start":{"line":12,"column":18},"end":{"line":19,"column":5}}},"3":{"name":"(anonymous_3)","decl":{"start":{"line":21,"column":4},"end":{"line":21,"column":16}},"loc":{"start":{"line":21,"column":24},"end":{"line":25,"column":5}}},"4":{"name":"(anonymous_4)","decl":{"start":{"line":27,"column":4},"end":{"line":27,"column":9}},"loc":{"start":{"line":27,"column":25},"end":{"line":30,"column":5}}},"5":{"name":"(anonymous_5)","decl":{"start":{"line":32,"column":4},"end":{"line":32,"column":12}},"loc":{"start":{"line":32,"column":20},"end":{"line":39,"column":5}}},"6":{"name":"(anonymous_6)","decl":{"start":{"line":41,"column":4},"end":{"line":41,"column":15}},"loc":{"start":{"line":41,"column":23},"end":{"line":48,"column":5}}},"7":{"name":"(anonymous_7)","decl":{"start":{"line":50,"column":4},"end":{"line":50,"column":10}},"loc":{"start":{"line":50,"column":18},"end":{"line":57,"column":5}}}},"branchMap":{"0":{"loc":{"start":{"line":21,"column":22},"end":{"line":21,"column":24}},"type":"default-arg","locations":[{"start":{"line":21,"column":22},"end":{"line":21,"column":24}}]},"1":{"loc":{"start":{"line":27,"column":23},"end":{"line":27,"column":25}},"type":"default-arg","locations":[{"start":{"line":27,"column":23},"end":{"line":27,"column":25}}]},"2":{"loc":{"start":{"line":32,"column":18},"end":{"line":32,"column":20}},"type":"default-arg","locations":[{"start":{"line":32,"column":18},"end":{"line":32,"column":20}}]}},"s":{"0":1,"1":1,"2":3,"3":2,"4":0,"5":0,"6":0,"7":0,"8":0,"9":0,"10":1},"f":{"0":3,"1":2,"2":0,"3":0,"4":0,"5":0,"6":0,"7":0},"b":{"0":[0],"1":[0],"2":[0]}}
,"/Users/macbook/Projects/yp/fresh_talk/src/app/api/api-user.ts": {"path":"/Users/macbook/Projects/yp/fresh_talk/src/app/api/api-user.ts","statementMap":{"0":{"start":{"line":1,"column":0},"end":{"line":1,"column":45}},"1":{"start":{"line":5,"column":8},"end":{"line":10,"column":11}},"2":{"start":{"line":13,"column":8},"end":{"line":15,"column":11}},"3":{"start":{"line":18,"column":8},"end":{"line":23,"column":null}},"4":{"start":{"line":27,"column":13},"end":{"line":27,"column":35}}},"fnMap":{"0":{"name":"(anonymous_0)","decl":{"start":{"line":4,"column":4},"end":{"line":4,"column":14}},"loc":{"start":{"line":4,"column":22},"end":{"line":11,"column":5}}},"1":{"name":"(anonymous_1)","decl":{"start":{"line":12,"column":4},"end":{"line":12,"column":14}},"loc":{"start":{"line":12,"column":22},"end":{"line":16,"column":5}}},"2":{"name":"(anonymous_2)","decl":{"start":{"line":17,"column":4},"end":{"line":17,"column":12}},"loc":{"start":{"line":17,"column":20},"end":{"line":24,"column":5}}}},"branchMap":{"0":{"loc":{"start":{"line":4,"column":20},"end":{"line":4,"column":22}},"type":"default-arg","locations":[{"start":{"line":4,"column":20},"end":{"line":4,"column":22}}]},"1":{"loc":{"start":{"line":12,"column":20},"end":{"line":12,"column":22}},"type":"default-arg","locations":[{"start":{"line":12,"column":20},"end":{"line":12,"column":22}}]},"2":{"loc":{"start":{"line":17,"column":18},"end":{"line":17,"column":20}},"type":"default-arg","locations":[{"start":{"line":17,"column":18},"end":{"line":17,"column":20}}]}},"s":{"0":1,"1":0,"2":0,"3":0,"4":1},"f":{"0":0,"1":0,"2":0},"b":{"0":[0],"1":[0],"2":[0]}}
,"/Users/macbook/Projects/yp/fresh_talk/src/app/api/index.ts": {"path":"/Users/macbook/Projects/yp/fresh_talk/src/app/api/index.ts","statementMap":{"0":{"start":{"line":1,"column":0},"end":{"line":1,"column":9}},"1":{"start":{"line":7,"column":4},"end":{"line":1,"column":36}},"2":{"start":{"line":2,"column":0},"end":{"line":2,"column":9}},"3":{"start":{"line":8,"column":4},"end":{"line":2,"column":36}},"4":{"start":{"line":3,"column":0},"end":{"line":3,"column":9}},"5":{"start":{"line":9,"column":4},"end":{"line":3,"column":38}}},"fnMap":{"0":{"name":"(anonymous_0)","decl":{"start":{"line":7,"column":4},"end":{"line":7,"column":11}},"loc":{"start":{"line":7,"column":4},"end":{"line":1,"column":36}}},"1":{"name":"(anonymous_1)","decl":{"start":{"line":8,"column":4},"end":{"line":8,"column":11}},"loc":{"start":{"line":8,"column":4},"end":{"line":2,"column":36}}},"2":{"name":"(anonymous_2)","decl":{"start":{"line":9,"column":4},"end":{"line":9,"column":12}},"loc":{"start":{"line":9,"column":4},"end":{"line":3,"column":38}}}},"branchMap":{},"s":{"0":1,"1":1,"2":1,"3":1,"4":1,"5":4},"f":{"0":0,"1":0,"2":3},"b":{}}
,"/Users/macbook/Projects/yp/fresh_talk/src/core/index.ts": {"path":"/Users/macbook/Projects/yp/fresh_talk/src/core/index.ts","statementMap":{"0":{"start":{"line":1,"column":0},"end":{"line":1,"column":9}},"1":{"start":{"line":12,"column":4},"end":{"line":1,"column":49}},"2":{"start":{"line":2,"column":0},"end":{"line":2,"column":9}},"3":{"start":{"line":14,"column":4},"end":{"line":2,"column":46}},"4":{"start":{"line":3,"column":0},"end":{"line":3,"column":9}},"5":{"start":{"line":15,"column":4},"end":{"line":3,"column":40}},"6":{"start":{"line":4,"column":0},"end":{"line":4,"column":9}},"7":{"start":{"line":17,"column":4},"end":{"line":4,"column":34}},"8":{"start":{"line":5,"column":0},"end":{"line":5,"column":9}},"9":{"start":{"line":18,"column":4},"end":{"line":5,"column":47}},"10":{"start":{"line":6,"column":0},"end":{"line":6,"column":9}},"11":{"start":{"line":19,"column":4},"end":{"line":6,"column":21}},"12":{"start":{"line":20,"column":4},"end":{"line":6,"column":50}},"13":{"start":{"line":7,"column":0},"end":{"line":7,"column":9}},"14":{"start":{"line":16,"column":4},"end":{"line":7,"column":34}},"15":{"start":{"line":8,"column":0},"end":{"line":8,"column":8}},"16":{"start":{"line":13,"column":4},"end":{"line":8,"column":36}}},"fnMap":{"0":{"name":"(anonymous_0)","decl":{"start":{"line":12,"column":4},"end":{"line":12,"column":13}},"loc":{"start":{"line":12,"column":4},"end":{"line":1,"column":49}}},"1":{"name":"(anonymous_1)","decl":{"start":{"line":14,"column":4},"end":{"line":14,"column":12}},"loc":{"start":{"line":14,"column":4},"end":{"line":2,"column":46}}},"2":{"name":"(anonymous_2)","decl":{"start":{"line":15,"column":4},"end":{"line":15,"column":10}},"loc":{"start":{"line":15,"column":4},"end":{"line":3,"column":40}}},"3":{"name":"(anonymous_3)","decl":{"start":{"line":17,"column":4},"end":{"line":17,"column":8}},"loc":{"start":{"line":17,"column":4},"end":{"line":4,"column":34}}},"4":{"name":"(anonymous_4)","decl":{"start":{"line":18,"column":4},"end":{"line":18,"column":14}},"loc":{"start":{"line":18,"column":4},"end":{"line":5,"column":47}}},"5":{"name":"(anonymous_5)","decl":{"start":{"line":19,"column":4},"end":{"line":19,"column":14}},"loc":{"start":{"line":19,"column":4},"end":{"line":6,"column":21}}},"6":{"name":"(anonymous_6)","decl":{"start":{"line":20,"column":4},"end":{"line":20,"column":5}},"loc":{"start":{"line":20,"column":4},"end":{"line":6,"column":50}}},"7":{"name":"(anonymous_7)","decl":{"start":{"line":16,"column":4},"end":{"line":16,"column":8}},"loc":{"start":{"line":16,"column":4},"end":{"line":7,"column":34}}},"8":{"name":"(anonymous_8)","decl":{"start":{"line":13,"column":4},"end":{"line":13,"column":9}},"loc":{"start":{"line":13,"column":4},"end":{"line":8,"column":36}}}},"branchMap":{},"s":{"0":3,"1":3,"2":3,"3":4,"4":3,"5":3,"6":3,"7":4,"8":3,"9":3,"10":3,"11":3,"12":3,"13":3,"14":7,"15":3,"16":3},"f":{"0":0,"1":1,"2":0,"3":1,"4":0,"5":0,"6":0,"7":4,"8":0},"b":{}}
,"/Users/macbook/Projects/yp/fresh_talk/src/core/component/component.ts": {"path":"/Users/macbook/Projects/yp/fresh_talk/src/core/component/component.ts","statementMap":{"0":{"start":{"line":1,"column":0},"end":{"line":1,"column":51}},"1":{"start":{"line":2,"column":0},"end":{"line":2,"column":35}},"2":{"start":{"line":27,"column":12},"end":{"line":27,"column":null}},"3":{"start":{"line":28,"column":12},"end":{"line":28,"column":null}},"4":{"start":{"line":104,"column":2},"end":{"line":110,"column":null}},"5":{"start":{"line":105,"column":4},"end":{"line":109,"column":null}},"6":{"start":{"line":106,"column":6},"end":{"line":106,"column":12}},"7":{"start":{"line":107,"column":11},"end":{"line":109,"column":null}},"8":{"start":{"line":108,"column":6},"end":{"line":108,"column":null}},"9":{"start":{"line":34,"column":4},"end":{"line":34,"column":null}},"10":{"start":{"line":35,"column":4},"end":{"line":35,"column":null}},"11":{"start":{"line":37,"column":4},"end":{"line":39,"column":null}},"12":{"start":{"line":38,"column":6},"end":{"line":38,"column":null}},"13":{"start":{"line":41,"column":4},"end":{"line":43,"column":null}},"14":{"start":{"line":42,"column":6},"end":{"line":42,"column":null}},"15":{"start":{"line":45,"column":4},"end":{"line":47,"column":49}},"16":{"start":{"line":46,"column":6},"end":{"line":46,"column":60}},"17":{"start":{"line":47,"column":11},"end":{"line":47,"column":49}},"18":{"start":{"line":49,"column":4},"end":{"line":49,"column":null}},"19":{"start":{"line":50,"column":4},"end":{"line":50,"column":null}},"20":{"start":{"line":51,"column":4},"end":{"line":51,"column":null}},"21":{"start":{"line":55,"column":4},"end":{"line":55,"column":null}},"22":{"start":{"line":56,"column":4},"end":{"line":56,"column":null}},"23":{"start":{"line":57,"column":4},"end":{"line":57,"column":null}},"24":{"start":{"line":58,"column":4},"end":{"line":58,"column":null}},"25":{"start":{"line":62,"column":4},"end":{"line":62,"column":null}},"26":{"start":{"line":66,"column":4},"end":{"line":66,"column":29}},"27":{"start":{"line":67,"column":4},"end":{"line":67,"column":null}},"28":{"start":{"line":73,"column":4},"end":{"line":73,"column":null}},"29":{"start":{"line":77,"column":4},"end":{"line":77,"column":null}},"30":{"start":{"line":77,"column":31},"end":{"line":77,"column":null}},"31":{"start":{"line":78,"column":4},"end":{"line":78,"column":null}},"32":{"start":{"line":84,"column":4},"end":{"line":87,"column":null}},"33":{"start":{"line":85,"column":19},"end":{"line":85,"column":32}},"34":{"start":{"line":86,"column":6},"end":{"line":86,"column":null}},"35":{"start":{"line":89,"column":4},"end":{"line":96,"column":null}},"36":{"start":{"line":90,"column":6},"end":{"line":95,"column":null}},"37":{"start":{"line":91,"column":26},"end":{"line":91,"column":46}},"38":{"start":{"line":92,"column":8},"end":{"line":94,"column":null}},"39":{"start":{"line":93,"column":10},"end":{"line":93,"column":null}},"40":{"start":{"line":101,"column":4},"end":{"line":101,"column":null}},"41":{"start":{"line":113,"column":4},"end":{"line":128,"column":7}},"42":{"start":{"line":115,"column":8},"end":{"line":115,"column":null}},"43":{"start":{"line":118,"column":31},"end":{"line":118,"column":87}},"44":{"start":{"line":119,"column":8},"end":{"line":122,"column":null}},"45":{"start":{"line":120,"column":10},"end":{"line":120,"column":null}},"46":{"start":{"line":121,"column":10},"end":{"line":121,"column":null}},"47":{"start":{"line":123,"column":8},"end":{"line":123,"column":20}},"48":{"start":{"line":126,"column":8},"end":{"line":126,"column":null}},"49":{"start":{"line":132,"column":4},"end":{"line":132,"column":null}},"50":{"start":{"line":136,"column":4},"end":{"line":136,"column":null}},"51":{"start":{"line":141,"column":4},"end":{"line":141,"column":29}},"52":{"start":{"line":141,"column":23},"end":{"line":141,"column":29}},"53":{"start":{"line":142,"column":30},"end":{"line":142,"column":42}},"54":{"start":{"line":143,"column":39},"end":{"line":143,"column":48}},"55":{"start":{"line":144,"column":4},"end":{"line":146,"column":null}},"56":{"start":{"line":145,"column":6},"end":{"line":145,"column":null}},"57":{"start":{"line":147,"column":4},"end":{"line":149,"column":null}},"58":{"start":{"line":148,"column":6},"end":{"line":148,"column":null}},"59":{"start":{"line":150,"column":4},"end":{"line":152,"column":null}},"60":{"start":{"line":151,"column":6},"end":{"line":151,"column":null}},"61":{"start":{"line":156,"column":4},"end":{"line":156,"column":null}},"62":{"start":{"line":156,"column":22},"end":{"line":156,"column":null}},"63":{"start":{"line":160,"column":4},"end":{"line":160,"column":null}},"64":{"start":{"line":160,"column":22},"end":{"line":160,"column":null}},"65":{"start":{"line":17,"column":0},"end":{"line":17,"column":13}},"66":{"start":{"line":18,"column":9},"end":{"line":23,"column":null}}},"fnMap":{"0":{"name":"(anonymous_0)","decl":{"start":{"line":33,"column":2},"end":{"line":33,"column":14}},"loc":{"start":{"line":33,"column":28},"end":{"line":52,"column":3}}},"1":{"name":"(anonymous_1)","decl":{"start":{"line":104,"column":13},"end":{"line":104,"column":14}},"loc":{"start":{"line":104,"column":36},"end":{"line":110,"column":3}}},"2":{"name":"(anonymous_2)","decl":{"start":{"line":54,"column":10},"end":{"line":54,"column":25}},"loc":{"start":{"line":54,"column":44},"end":{"line":59,"column":3}}},"3":{"name":"(anonymous_3)","decl":{"start":{"line":61,"column":10},"end":{"line":61,"column":14}},"loc":{"start":{"line":61,"column":14},"end":{"line":63,"column":3}}},"4":{"name":"(anonymous_4)","decl":{"start":{"line":65,"column":10},"end":{"line":65,"column":28}},"loc":{"start":{"line":65,"column":28},"end":{"line":68,"column":3}}},"5":{"name":"(anonymous_5)","decl":{"start":{"line":70,"column":2},"end":{"line":70,"column":19}},"loc":{"start":{"line":70,"column":19},"end":{"line":70,"column":24}}},"6":{"name":"(anonymous_6)","decl":{"start":{"line":72,"column":10},"end":{"line":72,"column":29}},"loc":{"start":{"line":72,"column":73},"end":{"line":74,"column":3}}},"7":{"name":"(anonymous_7)","decl":{"start":{"line":76,"column":2},"end":{"line":76,"column":20}},"loc":{"start":{"line":76,"column":57},"end":{"line":79,"column":3}}},"8":{"name":"(anonymous_8)","decl":{"start":{"line":82,"column":10},"end":{"line":82,"column":17}},"loc":{"start":{"line":82,"column":17},"end":{"line":98,"column":3}}},"9":{"name":"(anonymous_9)","decl":{"start":{"line":90,"column":43},"end":{"line":90,"column":46}},"loc":{"start":{"line":90,"column":48},"end":{"line":95,"column":7}}},"10":{"name":"(anonymous_10)","decl":{"start":{"line":92,"column":26},"end":{"line":92,"column":35}},"loc":{"start":{"line":92,"column":37},"end":{"line":94,"column":9}}},"11":{"name":"(anonymous_11)","decl":{"start":{"line":100,"column":2},"end":{"line":100,"column":8}},"loc":{"start":{"line":100,"column":8},"end":{"line":102,"column":3}}},"12":{"name":"(anonymous_12)","decl":{"start":{"line":112,"column":10},"end":{"line":112,"column":25}},"loc":{"start":{"line":112,"column":40},"end":{"line":129,"column":3}}},"13":{"name":"(anonymous_13)","decl":{"start":{"line":114,"column":11},"end":{"line":114,"column":12}},"loc":{"start":{"line":114,"column":43},"end":{"line":116,"column":7}}},"14":{"name":"(anonymous_14)","decl":{"start":{"line":117,"column":11},"end":{"line":117,"column":12}},"loc":{"start":{"line":117,"column":50},"end":{"line":124,"column":7}}},"15":{"name":"(anonymous_15)","decl":{"start":{"line":125,"column":22},"end":{"line":125,"column":25}},"loc":{"start":{"line":125,"column":27},"end":{"line":127,"column":7}}},"16":{"name":"(anonymous_16)","decl":{"start":{"line":131,"column":2},"end":{"line":131,"column":6}},"loc":{"start":{"line":131,"column":13},"end":{"line":133,"column":3}}},"17":{"name":"(anonymous_17)","decl":{"start":{"line":135,"column":2},"end":{"line":135,"column":12}},"loc":{"start":{"line":135,"column":12},"end":{"line":137,"column":3}}},"18":{"name":"(anonymous_18)","decl":{"start":{"line":139,"column":2},"end":{"line":139,"column":8}},"loc":{"start":{"line":139,"column":45},"end":{"line":153,"column":3}}},"19":{"name":"(anonymous_19)","decl":{"start":{"line":150,"column":24},"end":{"line":150,"column":33}},"loc":{"start":{"line":150,"column":36},"end":{"line":152,"column":5}}},"20":{"name":"(anonymous_20)","decl":{"start":{"line":155,"column":2},"end":{"line":155,"column":6}},"loc":{"start":{"line":155,"column":6},"end":{"line":157,"column":3}}},"21":{"name":"(anonymous_21)","decl":{"start":{"line":159,"column":2},"end":{"line":159,"column":6}},"loc":{"start":{"line":159,"column":6},"end":{"line":161,"column":3}}}},"branchMap":{"0":{"loc":{"start":{"line":105,"column":4},"end":{"line":109,"column":null}},"type":"if","locations":[{"start":{"line":105,"column":4},"end":{"line":109,"column":null}},{"start":{"line":105,"column":4},"end":{"line":109,"column":null}}]},"1":{"loc":{"start":{"line":107,"column":11},"end":{"line":109,"column":null}},"type":"if","locations":[{"start":{"line":107,"column":11},"end":{"line":109,"column":null}},{"start":{"line":107,"column":11},"end":{"line":109,"column":null}}]},"2":{"loc":{"start":{"line":37,"column":4},"end":{"line":39,"column":null}},"type":"if","locations":[{"start":{"line":37,"column":4},"end":{"line":39,"column":null}},{"start":{"line":37,"column":4},"end":{"line":39,"column":null}}]},"3":{"loc":{"start":{"line":41,"column":4},"end":{"line":43,"column":null}},"type":"if","locations":[{"start":{"line":41,"column":4},"end":{"line":43,"column":null}},{"start":{"line":41,"column":4},"end":{"line":43,"column":null}}]},"4":{"loc":{"start":{"line":45,"column":4},"end":{"line":47,"column":49}},"type":"if","locations":[{"start":{"line":45,"column":4},"end":{"line":47,"column":49}},{"start":{"line":45,"column":4},"end":{"line":47,"column":49}}]},"5":{"loc":{"start":{"line":77,"column":4},"end":{"line":77,"column":null}},"type":"if","locations":[{"start":{"line":77,"column":4},"end":{"line":77,"column":null}},{"start":{"line":77,"column":4},"end":{"line":77,"column":null}}]},"6":{"loc":{"start":{"line":77,"column":9},"end":{"line":77,"column":17}},"type":"binary-expr","locations":[{"start":{"line":77,"column":9},"end":{"line":77,"column":17}},{"start":{"line":77,"column":21},"end":{"line":77,"column":29}}]},"7":{"loc":{"start":{"line":84,"column":4},"end":{"line":87,"column":null}},"type":"if","locations":[{"start":{"line":84,"column":4},"end":{"line":87,"column":null}},{"start":{"line":84,"column":4},"end":{"line":87,"column":null}}]},"8":{"loc":{"start":{"line":84,"column":9},"end":{"line":84,"column":21}},"type":"binary-expr","locations":[{"start":{"line":84,"column":9},"end":{"line":84,"column":21}},{"start":{"line":84,"column":25},"end":{"line":84,"column":39}}]},"9":{"loc":{"start":{"line":89,"column":4},"end":{"line":96,"column":null}},"type":"if","locations":[{"start":{"line":89,"column":4},"end":{"line":96,"column":null}},{"start":{"line":89,"column":4},"end":{"line":96,"column":null}}]},"10":{"loc":{"start":{"line":119,"column":8},"end":{"line":122,"column":null}},"type":"if","locations":[{"start":{"line":119,"column":8},"end":{"line":122,"column":null}},{"start":{"line":119,"column":8},"end":{"line":122,"column":null}}]},"11":{"loc":{"start":{"line":141,"column":4},"end":{"line":141,"column":29}},"type":"if","locations":[{"start":{"line":141,"column":4},"end":{"line":141,"column":29}},{"start":{"line":141,"column":4},"end":{"line":141,"column":29}}]},"12":{"loc":{"start":{"line":144,"column":4},"end":{"line":146,"column":null}},"type":"if","locations":[{"start":{"line":144,"column":4},"end":{"line":146,"column":null}},{"start":{"line":144,"column":4},"end":{"line":146,"column":null}}]},"13":{"loc":{"start":{"line":147,"column":4},"end":{"line":149,"column":null}},"type":"if","locations":[{"start":{"line":147,"column":4},"end":{"line":149,"column":null}},{"start":{"line":147,"column":4},"end":{"line":149,"column":null}}]},"14":{"loc":{"start":{"line":147,"column":9},"end":{"line":147,"column":27}},"type":"binary-expr","locations":[{"start":{"line":147,"column":9},"end":{"line":147,"column":27}},{"start":{"line":147,"column":32},"end":{"line":147,"column":50}}]},"15":{"loc":{"start":{"line":156,"column":4},"end":{"line":156,"column":null}},"type":"if","locations":[{"start":{"line":156,"column":4},"end":{"line":156,"column":null}},{"start":{"line":156,"column":4},"end":{"line":156,"column":null}}]},"16":{"loc":{"start":{"line":160,"column":4},"end":{"line":160,"column":null}},"type":"if","locations":[{"start":{"line":160,"column":4},"end":{"line":160,"column":null}},{"start":{"line":160,"column":4},"end":{"line":160,"column":null}}]}},"s":{"0":3,"1":3,"2":1,"3":1,"4":1,"5":0,"6":0,"7":0,"8":0,"9":1,"10":1,"11":1,"12":0,"13":1,"14":0,"15":1,"16":1,"17":0,"18":1,"19":1,"20":1,"21":1,"22":1,"23":1,"24":1,"25":1,"26":1,"27":1,"28":0,"29":0,"30":0,"31":0,"32":1,"33":1,"34":1,"35":1,"36":1,"37":0,"38":0,"39":0,"40":0,"41":1,"42":2,"43":0,"44":0,"45":0,"46":0,"47":0,"48":0,"49":2,"50":0,"51":0,"52":0,"53":0,"54":0,"55":0,"56":0,"57":0,"58":0,"59":0,"60":0,"61":0,"62":0,"63":0,"64":0,"65":3,"66":3},"f":{"0":1,"1":0,"2":1,"3":1,"4":1,"5":1,"6":0,"7":0,"8":1,"9":0,"10":0,"11":0,"12":1,"13":2,"14":0,"15":0,"16":2,"17":0,"18":0,"19":0,"20":0,"21":0},"b":{"0":[0,0],"1":[0,0],"2":[0,1],"3":[0,1],"4":[1,0],"5":[0,0],"6":[0,0],"7":[1,0],"8":[1,1],"9":[1,0],"10":[0,0],"11":[0,0],"12":[0,0],"13":[0,0],"14":[0,0],"15":[0,0],"16":[0,0]}}
,"/Users/macbook/Projects/yp/fresh_talk/src/core/eventbus/eventbus.ts": {"path":"/Users/macbook/Projects/yp/fresh_talk/src/core/eventbus/eventbus.ts","statementMap":{"0":{"start":{"line":8,"column":12},"end":{"line":8,"column":null}},"1":{"start":{"line":11,"column":8},"end":{"line":13,"column":null}},"2":{"start":{"line":12,"column":12},"end":{"line":12,"column":37}},"3":{"start":{"line":14,"column":4},"end":{"line":14,"column":41}},"4":{"start":{"line":18,"column":8},"end":{"line":20,"column":null}},"5":{"start":{"line":19,"column":12},"end":{"line":19,"column":53}},"6":{"start":{"line":22,"column":8},"end":{"line":24,"column":10}},"7":{"start":{"line":23,"column":24},"end":{"line":23,"column":45}},"8":{"start":{"line":28,"column":8},"end":{"line":28,"column":42}},"9":{"start":{"line":28,"column":36},"end":{"line":28,"column":42}},"10":{"start":{"line":29,"column":8},"end":{"line":31,"column":11}},"11":{"start":{"line":30,"column":12},"end":{"line":30,"column":30}},"12":{"start":{"line":7,"column":0},"end":{"line":7,"column":13}}},"fnMap":{"0":{"name":"(anonymous_0)","decl":{"start":{"line":7,"column":0},"end":{"line":7,"column":13}},"loc":{"start":{"line":7,"column":0},"end":{"line":33,"column":1}}},"1":{"name":"(anonymous_1)","decl":{"start":{"line":10,"column":4},"end":{"line":10,"column":6}},"loc":{"start":{"line":10,"column":43},"end":{"line":15,"column":5}}},"2":{"name":"(anonymous_2)","decl":{"start":{"line":17,"column":4},"end":{"line":17,"column":7}},"loc":{"start":{"line":17,"column":41},"end":{"line":25,"column":5}}},"3":{"name":"(anonymous_3)","decl":{"start":{"line":23,"column":12},"end":{"line":23,"column":20}},"loc":{"start":{"line":23,"column":24},"end":{"line":23,"column":45}}},"4":{"name":"(anonymous_4)","decl":{"start":{"line":27,"column":4},"end":{"line":27,"column":8}},"loc":{"start":{"line":27,"column":45},"end":{"line":32,"column":5}}},"5":{"name":"(anonymous_5)","decl":{"start":{"line":29,"column":39},"end":{"line":29,"column":47}},"loc":{"start":{"line":29,"column":51},"end":{"line":31,"column":9}}}},"branchMap":{"0":{"loc":{"start":{"line":11,"column":8},"end":{"line":13,"column":null}},"type":"if","locations":[{"start":{"line":11,"column":8},"end":{"line":13,"column":null}},{"start":{"line":11,"column":8},"end":{"line":13,"column":null}}]},"1":{"loc":{"start":{"line":18,"column":8},"end":{"line":20,"column":null}},"type":"if","locations":[{"start":{"line":18,"column":8},"end":{"line":20,"column":null}},{"start":{"line":18,"column":8},"end":{"line":20,"column":null}}]},"2":{"loc":{"start":{"line":28,"column":8},"end":{"line":28,"column":42}},"type":"if","locations":[{"start":{"line":28,"column":8},"end":{"line":28,"column":42}},{"start":{"line":28,"column":8},"end":{"line":28,"column":42}}]}},"s":{"0":1,"1":4,"2":4,"3":4,"4":0,"5":0,"6":0,"7":0,"8":3,"9":0,"10":3,"11":3,"12":3},"f":{"0":1,"1":4,"2":0,"3":0,"4":3,"5":3},"b":{"0":[4,0],"1":[0,0],"2":[0,3]}}
,"/Users/macbook/Projects/yp/fresh_talk/src/core/http/HTTP.ts": {"path":"/Users/macbook/Projects/yp/fresh_talk/src/core/http/HTTP.ts","statementMap":{"0":{"start":{"line":1,"column":0},"end":{"line":1,"column":62}},"1":{"start":{"line":2,"column":0},"end":{"line":2,"column":53}},"2":{"start":{"line":8,"column":16},"end":{"line":13,"column":2}},"3":{"start":{"line":17,"column":12},"end":{"line":17,"column":null}},"4":{"start":{"line":20,"column":12},"end":{"line":20,"column":47}},"5":{"start":{"line":28,"column":4},"end":{"line":30,"column":null}},"6":{"start":{"line":29,"column":12},"end":{"line":29,"column":99}},"7":{"start":{"line":32,"column":4},"end":{"line":34,"column":null}},"8":{"start":{"line":33,"column":8},"end":{"line":33,"column":96}},"9":{"start":{"line":36,"column":4},"end":{"line":38,"column":null}},"10":{"start":{"line":37,"column":8},"end":{"line":37,"column":95}},"11":{"start":{"line":40,"column":4},"end":{"line":42,"column":null}},"12":{"start":{"line":41,"column":8},"end":{"line":41,"column":98}},"13":{"start":{"line":44,"column":4},"end":{"line":92,"column":6}},"14":{"start":{"line":45,"column":31},"end":{"line":45,"column":55}},"15":{"start":{"line":46,"column":36},"end":{"line":46,"column":65}},"16":{"start":{"line":47,"column":33},"end":{"line":47,"column":59}},"17":{"start":{"line":48,"column":8},"end":{"line":50,"column":null}},"18":{"start":{"line":49,"column":12},"end":{"line":49,"column":null}},"19":{"start":{"line":51,"column":8},"end":{"line":91,"column":null}},"20":{"start":{"line":52,"column":24},"end":{"line":52,"column":51}},"21":{"start":{"line":55,"column":12},"end":{"line":57,"column":null}},"22":{"start":{"line":56,"column":16},"end":{"line":56,"column":null}},"23":{"start":{"line":59,"column":12},"end":{"line":59,"column":null}},"24":{"start":{"line":60,"column":12},"end":{"line":60,"column":null}},"25":{"start":{"line":62,"column":12},"end":{"line":66,"column":null}},"26":{"start":{"line":63,"column":16},"end":{"line":65,"column":null}},"27":{"start":{"line":64,"column":20},"end":{"line":64,"column":null}},"28":{"start":{"line":69,"column":12},"end":{"line":78,"column":null}},"29":{"start":{"line":70,"column":16},"end":{"line":72,"column":null}},"30":{"start":{"line":71,"column":20},"end":{"line":71,"column":27}},"31":{"start":{"line":73,"column":16},"end":{"line":77,"column":null}},"32":{"start":{"line":74,"column":20},"end":{"line":74,"column":null}},"33":{"start":{"line":76,"column":20},"end":{"line":76,"column":null}},"34":{"start":{"line":80,"column":12},"end":{"line":80,"column":null}},"35":{"start":{"line":82,"column":12},"end":{"line":82,"column":null}},"36":{"start":{"line":83,"column":12},"end":{"line":83,"column":null}},"37":{"start":{"line":84,"column":12},"end":{"line":84,"column":null}},"38":{"start":{"line":86,"column":12},"end":{"line":90,"column":null}},"39":{"start":{"line":87,"column":16},"end":{"line":87,"column":null}},"40":{"start":{"line":89,"column":16},"end":{"line":89,"column":null}},"41":{"start":{"line":23,"column":8},"end":{"line":25,"column":null}},"42":{"start":{"line":24,"column":12},"end":{"line":24,"column":null}},"43":{"start":{"line":15,"column":0},"end":{"line":15,"column":13}}},"fnMap":{"0":{"name":"(anonymous_0)","decl":{"start":{"line":22,"column":4},"end":{"line":22,"column":16}},"loc":{"start":{"line":22,"column":28},"end":{"line":26,"column":5}}},"1":{"name":"(anonymous_1)","decl":{"start":{"line":28,"column":10},"end":{"line":28,"column":11}},"loc":{"start":{"line":28,"column":55},"end":{"line":30,"column":5}}},"2":{"name":"(anonymous_2)","decl":{"start":{"line":32,"column":11},"end":{"line":32,"column":12}},"loc":{"start":{"line":32,"column":56},"end":{"line":34,"column":5}}},"3":{"name":"(anonymous_3)","decl":{"start":{"line":36,"column":10},"end":{"line":36,"column":11}},"loc":{"start":{"line":36,"column":55},"end":{"line":38,"column":5}}},"4":{"name":"(anonymous_4)","decl":{"start":{"line":40,"column":13},"end":{"line":40,"column":14}},"loc":{"start":{"line":40,"column":58},"end":{"line":42,"column":5}}},"5":{"name":"(anonymous_5)","decl":{"start":{"line":44,"column":14},"end":{"line":44,"column":15}},"loc":{"start":{"line":44,"column":75},"end":{"line":92,"column":5}}},"6":{"name":"(anonymous_6)","decl":{"start":{"line":51,"column":27},"end":{"line":51,"column":28}},"loc":{"start":{"line":51,"column":47},"end":{"line":91,"column":9}}},"7":{"name":"(anonymous_7)","decl":{"start":{"line":63,"column":45},"end":{"line":63,"column":48}},"loc":{"start":{"line":63,"column":51},"end":{"line":65,"column":17}}},"8":{"name":"(anonymous_8)","decl":{"start":{"line":69,"column":37},"end":{"line":69,"column":40}},"loc":{"start":{"line":69,"column":42},"end":{"line":78,"column":13}}}},"branchMap":{"0":{"loc":{"start":{"line":28,"column":49},"end":{"line":28,"column":51}},"type":"default-arg","locations":[{"start":{"line":28,"column":49},"end":{"line":28,"column":51}}]},"1":{"loc":{"start":{"line":32,"column":50},"end":{"line":32,"column":52}},"type":"default-arg","locations":[{"start":{"line":32,"column":50},"end":{"line":32,"column":52}}]},"2":{"loc":{"start":{"line":36,"column":49},"end":{"line":36,"column":51}},"type":"default-arg","locations":[{"start":{"line":36,"column":49},"end":{"line":36,"column":51}}]},"3":{"loc":{"start":{"line":40,"column":52},"end":{"line":40,"column":54}},"type":"default-arg","locations":[{"start":{"line":40,"column":52},"end":{"line":40,"column":54}}]},"4":{"loc":{"start":{"line":44,"column":53},"end":{"line":44,"column":55}},"type":"default-arg","locations":[{"start":{"line":44,"column":53},"end":{"line":44,"column":55}}]},"5":{"loc":{"start":{"line":44,"column":67},"end":{"line":44,"column":71}},"type":"default-arg","locations":[{"start":{"line":44,"column":67},"end":{"line":44,"column":71}}]},"6":{"loc":{"start":{"line":48,"column":8},"end":{"line":50,"column":null}},"type":"if","locations":[{"start":{"line":48,"column":8},"end":{"line":50,"column":null}},{"start":{"line":48,"column":8},"end":{"line":50,"column":null}}]},"7":{"loc":{"start":{"line":55,"column":12},"end":{"line":57,"column":null}},"type":"if","locations":[{"start":{"line":55,"column":12},"end":{"line":57,"column":null}},{"start":{"line":55,"column":12},"end":{"line":57,"column":null}}]},"8":{"loc":{"start":{"line":55,"column":16},"end":{"line":55,"column":38}},"type":"binary-expr","locations":[{"start":{"line":55,"column":16},"end":{"line":55,"column":38}},{"start":{"line":55,"column":42},"end":{"line":55,"column":46}}]},"9":{"loc":{"start":{"line":62,"column":12},"end":{"line":66,"column":null}},"type":"if","locations":[{"start":{"line":62,"column":12},"end":{"line":66,"column":null}},{"start":{"line":62,"column":12},"end":{"line":66,"column":null}}]},"10":{"loc":{"start":{"line":70,"column":16},"end":{"line":72,"column":null}},"type":"if","locations":[{"start":{"line":70,"column":16},"end":{"line":72,"column":null}},{"start":{"line":70,"column":16},"end":{"line":72,"column":null}}]},"11":{"loc":{"start":{"line":73,"column":16},"end":{"line":77,"column":null}},"type":"if","locations":[{"start":{"line":73,"column":16},"end":{"line":77,"column":null}},{"start":{"line":73,"column":16},"end":{"line":77,"column":null}}]},"12":{"loc":{"start":{"line":86,"column":12},"end":{"line":90,"column":null}},"type":"if","locations":[{"start":{"line":86,"column":12},"end":{"line":90,"column":null}},{"start":{"line":86,"column":12},"end":{"line":90,"column":null}}]},"13":{"loc":{"start":{"line":23,"column":8},"end":{"line":25,"column":null}},"type":"if","locations":[{"start":{"line":23,"column":8},"end":{"line":25,"column":null}},{"start":{"line":23,"column":8},"end":{"line":25,"column":null}}]}},"s":{"0":3,"1":3,"2":3,"3":4,"4":4,"5":4,"6":3,"7":4,"8":0,"9":4,"10":0,"11":4,"12":0,"13":4,"14":3,"15":3,"16":3,"17":3,"18":3,"19":3,"20":3,"21":3,"22":0,"23":3,"24":3,"25":3,"26":0,"27":0,"28":3,"29":3,"30":0,"31":3,"32":1,"33":2,"34":3,"35":3,"36":3,"37":3,"38":3,"39":3,"40":0,"41":4,"42":4,"43":3},"f":{"0":4,"1":3,"2":0,"3":0,"4":0,"5":3,"6":3,"7":0,"8":3},"b":{"0":[3],"1":[0],"2":[0],"3":[0],"4":[0],"5":[3],"6":[3,0],"7":[0,3],"8":[3,3],"9":[0,3],"10":[0,3],"11":[1,2],"12":[3,0],"13":[4,0]}}
,"/Users/macbook/Projects/yp/fresh_talk/src/core/http/queryStringify.ts": {"path":"/Users/macbook/Projects/yp/fresh_talk/src/core/http/queryStringify.ts","statementMap":{"0":{"start":{"line":4,"column":4},"end":{"line":6,"column":null}},"1":{"start":{"line":5,"column":8},"end":{"line":5,"column":47}},"2":{"start":{"line":8,"column":17},"end":{"line":8,"column":34}},"3":{"start":{"line":9,"column":4},"end":{"line":32,"column":11}},"4":{"start":{"line":10,"column":22},"end":{"line":10,"column":31}},"5":{"start":{"line":11,"column":24},"end":{"line":11,"column":58}},"6":{"start":{"line":13,"column":8},"end":{"line":20,"column":null}},"7":{"start":{"line":14,"column":31},"end":{"line":17,"column":19}},"8":{"start":{"line":14,"column":88},"end":{"line":17,"column":14}},"9":{"start":{"line":19,"column":12},"end":{"line":19,"column":70}},"10":{"start":{"line":22,"column":8},"end":{"line":29,"column":null}},"11":{"start":{"line":23,"column":29},"end":{"line":26,"column":19}},"12":{"start":{"line":23,"column":92},"end":{"line":26,"column":14}},"13":{"start":{"line":28,"column":12},"end":{"line":28,"column":68}},"14":{"start":{"line":31,"column":8},"end":{"line":31,"column":52}},"15":{"start":{"line":3,"column":0},"end":{"line":3,"column":16}}},"fnMap":{"0":{"name":"queryStringify","decl":{"start":{"line":3,"column":16},"end":{"line":3,"column":30}},"loc":{"start":{"line":3,"column":50},"end":{"line":33,"column":1}}},"1":{"name":"(anonymous_1)","decl":{"start":{"line":9,"column":23},"end":{"line":9,"column":24}},"loc":{"start":{"line":9,"column":46},"end":{"line":32,"column":5}}},"2":{"name":"(anonymous_2)","decl":{"start":{"line":14,"column":59},"end":{"line":14,"column":60}},"loc":{"start":{"line":14,"column":88},"end":{"line":17,"column":14}}},"3":{"name":"(anonymous_3)","decl":{"start":{"line":23,"column":71},"end":{"line":23,"column":72}},"loc":{"start":{"line":23,"column":92},"end":{"line":26,"column":14}}}},"branchMap":{"0":{"loc":{"start":{"line":4,"column":4},"end":{"line":6,"column":null}},"type":"if","locations":[{"start":{"line":4,"column":4},"end":{"line":6,"column":null}},{"start":{"line":4,"column":4},"end":{"line":6,"column":null}}]},"1":{"loc":{"start":{"line":11,"column":50},"end":{"line":11,"column":53}},"type":"cond-expr","locations":[{"start":{"line":11,"column":50},"end":{"line":11,"column":53}},{"start":{"line":11,"column":56},"end":{"line":11,"column":58}}]},"2":{"loc":{"start":{"line":13,"column":8},"end":{"line":20,"column":null}},"type":"if","locations":[{"start":{"line":13,"column":8},"end":{"line":20,"column":null}},{"start":{"line":13,"column":8},"end":{"line":20,"column":null}}]},"3":{"loc":{"start":{"line":22,"column":8},"end":{"line":29,"column":null}},"type":"if","locations":[{"start":{"line":22,"column":8},"end":{"line":29,"column":null}},{"start":{"line":22,"column":8},"end":{"line":29,"column":null}}]}},"s":{"0":0,"1":0,"2":0,"3":0,"4":0,"5":0,"6":0,"7":0,"8":0,"9":0,"10":0,"11":0,"12":0,"13":0,"14":0,"15":3},"f":{"0":0,"1":0,"2":0,"3":0},"b":{"0":[0,0],"1":[0,0],"2":[0,0],"3":[0,0]}}
,"/Users/macbook/Projects/yp/fresh_talk/src/core/router/router.ts": {"path":"/Users/macbook/Projects/yp/fresh_talk/src/core/router/router.ts","statementMap":{"0":{"start":{"line":2,"column":0},"end":{"line":2,"column":39}},"1":{"start":{"line":3,"column":0},"end":{"line":3,"column":51}},"2":{"start":{"line":14,"column":12},"end":{"line":14,"column":null}},"3":{"start":{"line":15,"column":12},"end":{"line":18,"column":null}},"4":{"start":{"line":20,"column":4},"end":{"line":20,"column":29}},"5":{"start":{"line":21,"column":4},"end":{"line":21,"column":null}},"6":{"start":{"line":25,"column":8},"end":{"line":27,"column":null}},"7":{"start":{"line":26,"column":12},"end":{"line":26,"column":37}},"8":{"start":{"line":28,"column":8},"end":{"line":30,"column":null}},"9":{"start":{"line":29,"column":12},"end":{"line":29,"column":null}},"10":{"start":{"line":31,"column":8},"end":{"line":31,"column":33}},"11":{"start":{"line":36,"column":8},"end":{"line":41,"column":null}},"12":{"start":{"line":37,"column":12},"end":{"line":40,"column":15}},"13":{"start":{"line":43,"column":8},"end":{"line":43,"column":null}},"14":{"start":{"line":47,"column":8},"end":{"line":50,"column":22}},"15":{"start":{"line":48,"column":12},"end":{"line":48,"column":44}},"16":{"start":{"line":48,"column":38},"end":{"line":48,"column":44}},"17":{"start":{"line":49,"column":12},"end":{"line":49,"column":null}},"18":{"start":{"line":52,"column":24},"end":{"line":52,"column":55}},"19":{"start":{"line":53,"column":25},"end":{"line":53,"column":49}},"20":{"start":{"line":54,"column":8},"end":{"line":60,"column":null}},"21":{"start":{"line":55,"column":12},"end":{"line":55,"column":null}},"22":{"start":{"line":56,"column":12},"end":{"line":56,"column":18}},"23":{"start":{"line":57,"column":15},"end":{"line":60,"column":null}},"24":{"start":{"line":58,"column":12},"end":{"line":58,"column":null}},"25":{"start":{"line":59,"column":12},"end":{"line":59,"column":18}},"26":{"start":{"line":61,"column":8},"end":{"line":61,"column":32}},"27":{"start":{"line":65,"column":20},"end":{"line":65,"column":43}},"28":{"start":{"line":66,"column":24},"end":{"line":66,"column":55}},"29":{"start":{"line":68,"column":8},"end":{"line":71,"column":null}},"30":{"start":{"line":69,"column":12},"end":{"line":69,"column":null}},"31":{"start":{"line":70,"column":12},"end":{"line":70,"column":18}},"32":{"start":{"line":73,"column":8},"end":{"line":76,"column":null}},"33":{"start":{"line":74,"column":12},"end":{"line":74,"column":null}},"34":{"start":{"line":75,"column":12},"end":{"line":75,"column":18}},"35":{"start":{"line":78,"column":8},"end":{"line":81,"column":null}},"36":{"start":{"line":79,"column":12},"end":{"line":79,"column":null}},"37":{"start":{"line":80,"column":12},"end":{"line":80,"column":18}},"38":{"start":{"line":83,"column":21},"end":{"line":83,"column":64}},"39":{"start":{"line":84,"column":8},"end":{"line":84,"column":null}},"40":{"start":{"line":86,"column":8},"end":{"line":89,"column":null}},"41":{"start":{"line":88,"column":12},"end":{"line":88,"column":null}},"42":{"start":{"line":94,"column":8},"end":{"line":94,"column":null}},"43":{"start":{"line":94,"column":51},"end":{"line":94,"column":67}},"44":{"start":{"line":98,"column":8},"end":{"line":98,"column":65}},"45":{"start":{"line":99,"column":8},"end":{"line":99,"column":32}},"46":{"start":{"line":103,"column":8},"end":{"line":103,"column":28}},"47":{"start":{"line":107,"column":8},"end":{"line":107,"column":null}},"48":{"start":{"line":111,"column":8},"end":{"line":113,"column":null}},"49":{"start":{"line":112,"column":12},"end":{"line":112,"column":null}},"50":{"start":{"line":112,"column":46},"end":{"line":112,"column":75}},"51":{"start":{"line":113,"column":15},"end":{"line":113,"column":null}},"52":{"start":{"line":117,"column":8},"end":{"line":119,"column":null}},"53":{"start":{"line":118,"column":12},"end":{"line":118,"column":null}},"54":{"start":{"line":123,"column":8},"end":{"line":123,"column":31}},"55":{"start":{"line":124,"column":23},"end":{"line":124,"column":53}},"56":{"start":{"line":125,"column":21},"end":{"line":125,"column":40}},"57":{"start":{"line":126,"column":8},"end":{"line":128,"column":null}},"58":{"start":{"line":127,"column":12},"end":{"line":127,"column":null}},"59":{"start":{"line":11,"column":0},"end":{"line":11,"column":13}}},"fnMap":{"0":{"name":"(anonymous_0)","decl":{"start":{"line":24,"column":4},"end":{"line":24,"column":16}},"loc":{"start":{"line":24,"column":34},"end":{"line":32,"column":5}}},"1":{"name":"(anonymous_1)","decl":{"start":{"line":34,"column":4},"end":{"line":34,"column":7}},"loc":{"start":{"line":34,"column":42},"end":{"line":44,"column":5}}},"2":{"name":"(anonymous_2)","decl":{"start":{"line":46,"column":4},"end":{"line":46,"column":9}},"loc":{"start":{"line":46,"column":9},"end":{"line":62,"column":5}}},"3":{"name":"(anonymous_3)","decl":{"start":{"line":47,"column":29},"end":{"line":47,"column":30}},"loc":{"start":{"line":47,"column":46},"end":{"line":50,"column":9}}},"4":{"name":"(anonymous_4)","decl":{"start":{"line":64,"column":12},"end":{"line":64,"column":20}},"loc":{"start":{"line":64,"column":37},"end":{"line":91,"column":5}}},"5":{"name":"(anonymous_5)","decl":{"start":{"line":93,"column":12},"end":{"line":93,"column":21}},"loc":{"start":{"line":93,"column":34},"end":{"line":95,"column":5}}},"6":{"name":"(anonymous_6)","decl":{"start":{"line":94,"column":40},"end":{"line":94,"column":47}},"loc":{"start":{"line":94,"column":51},"end":{"line":94,"column":67}}},"7":{"name":"(anonymous_7)","decl":{"start":{"line":97,"column":4},"end":{"line":97,"column":6}},"loc":{"start":{"line":97,"column":23},"end":{"line":100,"column":5}}},"8":{"name":"(anonymous_8)","decl":{"start":{"line":102,"column":4},"end":{"line":102,"column":8}},"loc":{"start":{"line":102,"column":8},"end":{"line":104,"column":5}}},"9":{"name":"(anonymous_9)","decl":{"start":{"line":106,"column":4},"end":{"line":106,"column":11}},"loc":{"start":{"line":106,"column":11},"end":{"line":108,"column":5}}},"10":{"name":"(anonymous_10)","decl":{"start":{"line":110,"column":4},"end":{"line":110,"column":12}},"loc":{"start":{"line":110,"column":25},"end":{"line":114,"column":5}}},"11":{"name":"(anonymous_11)","decl":{"start":{"line":112,"column":37},"end":{"line":112,"column":42}},"loc":{"start":{"line":112,"column":46},"end":{"line":112,"column":75}}},"12":{"name":"(anonymous_12)","decl":{"start":{"line":116,"column":4},"end":{"line":116,"column":12}},"loc":{"start":{"line":116,"column":29},"end":{"line":120,"column":5}}},"13":{"name":"(anonymous_13)","decl":{"start":{"line":117,"column":40},"end":{"line":117,"column":41}},"loc":{"start":{"line":117,"column":44},"end":{"line":119,"column":9}}},"14":{"name":"(anonymous_14)","decl":{"start":{"line":122,"column":4},"end":{"line":122,"column":11}},"loc":{"start":{"line":122,"column":24},"end":{"line":129,"column":5}}}},"branchMap":{"0":{"loc":{"start":{"line":25,"column":8},"end":{"line":27,"column":null}},"type":"if","locations":[{"start":{"line":25,"column":8},"end":{"line":27,"column":null}},{"start":{"line":25,"column":8},"end":{"line":27,"column":null}}]},"1":{"loc":{"start":{"line":28,"column":8},"end":{"line":30,"column":null}},"type":"if","locations":[{"start":{"line":28,"column":8},"end":{"line":30,"column":null}},{"start":{"line":28,"column":8},"end":{"line":30,"column":null}}]},"2":{"loc":{"start":{"line":36,"column":8},"end":{"line":41,"column":null}},"type":"if","locations":[{"start":{"line":36,"column":8},"end":{"line":41,"column":null}},{"start":{"line":36,"column":8},"end":{"line":41,"column":null}}]},"3":{"loc":{"start":{"line":48,"column":12},"end":{"line":48,"column":44}},"type":"if","locations":[{"start":{"line":48,"column":12},"end":{"line":48,"column":44}},{"start":{"line":48,"column":12},"end":{"line":48,"column":44}}]},"4":{"loc":{"start":{"line":54,"column":8},"end":{"line":60,"column":null}},"type":"if","locations":[{"start":{"line":54,"column":8},"end":{"line":60,"column":null}},{"start":{"line":54,"column":8},"end":{"line":60,"column":null}}]},"5":{"loc":{"start":{"line":54,"column":12},"end":{"line":54,"column":20}},"type":"binary-expr","locations":[{"start":{"line":54,"column":12},"end":{"line":54,"column":20}},{"start":{"line":54,"column":24},"end":{"line":54,"column":43}},{"start":{"line":54,"column":47},"end":{"line":54,"column":68}}]},"6":{"loc":{"start":{"line":57,"column":15},"end":{"line":60,"column":null}},"type":"if","locations":[{"start":{"line":57,"column":15},"end":{"line":60,"column":null}},{"start":{"line":57,"column":15},"end":{"line":60,"column":null}}]},"7":{"loc":{"start":{"line":57,"column":19},"end":{"line":57,"column":26}},"type":"binary-expr","locations":[{"start":{"line":57,"column":19},"end":{"line":57,"column":26}},{"start":{"line":57,"column":31},"end":{"line":57,"column":51}},{"start":{"line":57,"column":55},"end":{"line":57,"column":77}}]},"8":{"loc":{"start":{"line":68,"column":8},"end":{"line":71,"column":null}},"type":"if","locations":[{"start":{"line":68,"column":8},"end":{"line":71,"column":null}},{"start":{"line":68,"column":8},"end":{"line":71,"column":null}}]},"9":{"loc":{"start":{"line":68,"column":12},"end":{"line":68,"column":20}},"type":"binary-expr","locations":[{"start":{"line":68,"column":12},"end":{"line":68,"column":20}},{"start":{"line":68,"column":24},"end":{"line":68,"column":43}},{"start":{"line":68,"column":47},"end":{"line":68,"column":68}}]},"10":{"loc":{"start":{"line":73,"column":8},"end":{"line":76,"column":null}},"type":"if","locations":[{"start":{"line":73,"column":8},"end":{"line":76,"column":null}},{"start":{"line":73,"column":8},"end":{"line":76,"column":null}}]},"11":{"loc":{"start":{"line":78,"column":8},"end":{"line":81,"column":null}},"type":"if","locations":[{"start":{"line":78,"column":8},"end":{"line":81,"column":null}},{"start":{"line":78,"column":8},"end":{"line":81,"column":null}}]},"12":{"loc":{"start":{"line":78,"column":12},"end":{"line":78,"column":19}},"type":"binary-expr","locations":[{"start":{"line":78,"column":12},"end":{"line":78,"column":19}},{"start":{"line":78,"column":23},"end":{"line":78,"column":47}}]},"13":{"loc":{"start":{"line":86,"column":8},"end":{"line":89,"column":null}},"type":"if","locations":[{"start":{"line":86,"column":8},"end":{"line":89,"column":null}},{"start":{"line":86,"column":8},"end":{"line":89,"column":null}}]},"14":{"loc":{"start":{"line":111,"column":8},"end":{"line":113,"column":null}},"type":"if","locations":[{"start":{"line":111,"column":8},"end":{"line":113,"column":null}},{"start":{"line":111,"column":8},"end":{"line":113,"column":null}}]},"15":{"loc":{"start":{"line":126,"column":8},"end":{"line":128,"column":null}},"type":"if","locations":[{"start":{"line":126,"column":8},"end":{"line":128,"column":null}},{"start":{"line":126,"column":8},"end":{"line":128,"column":null}}]}},"s":{"0":3,"1":3,"2":0,"3":0,"4":0,"5":0,"6":0,"7":0,"8":0,"9":0,"10":0,"11":0,"12":0,"13":0,"14":0,"15":0,"16":0,"17":0,"18":0,"19":0,"20":0,"21":0,"22":0,"23":0,"24":0,"25":0,"26":0,"27":0,"28":0,"29":0,"30":0,"31":0,"32":0,"33":0,"34":0,"35":0,"36":0,"37":0,"38":0,"39":0,"40":0,"41":0,"42":0,"43":0,"44":0,"45":0,"46":0,"47":0,"48":0,"49":0,"50":0,"51":0,"52":0,"53":0,"54":0,"55":0,"56":0,"57":0,"58":0,"59":3},"f":{"0":0,"1":0,"2":0,"3":0,"4":0,"5":0,"6":0,"7":0,"8":0,"9":0,"10":0,"11":0,"12":0,"13":0,"14":0},"b":{"0":[0,0],"1":[0,0],"2":[0,0],"3":[0,0],"4":[0,0],"5":[0,0,0],"6":[0,0],"7":[0,0,0],"8":[0,0],"9":[0,0,0],"10":[0,0],"11":[0,0],"12":[0,0],"13":[0,0],"14":[0,0],"15":[0,0]}}
,"/Users/macbook/Projects/yp/fresh_talk/src/core/store/store.ts": {"path":"/Users/macbook/Projects/yp/fresh_talk/src/core/store/store.ts","statementMap":{"0":{"start":{"line":1,"column":0},"end":{"line":1,"column":35}},"1":{"start":{"line":2,"column":0},"end":{"line":2,"column":51}},"2":{"start":{"line":18,"column":12},"end":{"line":18,"column":null}},"3":{"start":{"line":19,"column":12},"end":{"line":19,"column":null}},"4":{"start":{"line":20,"column":12},"end":{"line":20,"column":null}},"5":{"start":{"line":24,"column":8},"end":{"line":26,"column":null}},"6":{"start":{"line":25,"column":12},"end":{"line":25,"column":null}},"7":{"start":{"line":29,"column":8},"end":{"line":29,"column":null}},"8":{"start":{"line":30,"column":8},"end":{"line":30,"column":null}},"9":{"start":{"line":31,"column":8},"end":{"line":31,"column":null}},"10":{"start":{"line":32,"column":8},"end":{"line":32,"column":null}},"11":{"start":{"line":33,"column":8},"end":{"line":33,"column":null}},"12":{"start":{"line":37,"column":8},"end":{"line":37,"column":null}},"13":{"start":{"line":41,"column":8},"end":{"line":41,"column":null}},"14":{"start":{"line":42,"column":8},"end":{"line":42,"column":null}},"15":{"start":{"line":46,"column":8},"end":{"line":46,"column":34}},"16":{"start":{"line":46,"column":28},"end":{"line":46,"column":34}},"17":{"start":{"line":47,"column":8},"end":{"line":47,"column":null}},"18":{"start":{"line":51,"column":8},"end":{"line":51,"column":null}},"19":{"start":{"line":55,"column":8},"end":{"line":55,"column":49}},"20":{"start":{"line":59,"column":8},"end":{"line":59,"column":34}},"21":{"start":{"line":59,"column":28},"end":{"line":59,"column":34}},"22":{"start":{"line":60,"column":8},"end":{"line":66,"column":null}},"23":{"start":{"line":61,"column":12},"end":{"line":63,"column":null}},"24":{"start":{"line":62,"column":16},"end":{"line":62,"column":null}},"25":{"start":{"line":65,"column":12},"end":{"line":65,"column":null}},"26":{"start":{"line":71,"column":8},"end":{"line":71,"column":null}},"27":{"start":{"line":72,"column":8},"end":{"line":75,"column":null}},"28":{"start":{"line":74,"column":12},"end":{"line":74,"column":null}},"29":{"start":{"line":80,"column":30},"end":{"line":80,"column":67}},"30":{"start":{"line":81,"column":8},"end":{"line":81,"column":24}},"31":{"start":{"line":81,"column":18},"end":{"line":81,"column":24}},"32":{"start":{"line":82,"column":23},"end":{"line":82,"column":39}},"33":{"start":{"line":83,"column":8},"end":{"line":83,"column":null}},"34":{"start":{"line":5,"column":0},"end":{"line":5,"column":13}},"35":{"start":{"line":7,"column":11},"end":{"line":15,"column":null}}},"fnMap":{"0":{"name":"(anonymous_0)","decl":{"start":{"line":22,"column":4},"end":{"line":22,"column":16}},"loc":{"start":{"line":22,"column":57},"end":{"line":34,"column":5}}},"1":{"name":"(anonymous_1)","decl":{"start":{"line":36,"column":4},"end":{"line":36,"column":8}},"loc":{"start":{"line":36,"column":12},"end":{"line":38,"column":5}}},"2":{"name":"(anonymous_2)","decl":{"start":{"line":40,"column":4},"end":{"line":40,"column":14}},"loc":{"start":{"line":40,"column":14},"end":{"line":43,"column":5}}},"3":{"name":"(anonymous_3)","decl":{"start":{"line":45,"column":12},"end":{"line":45,"column":16}},"loc":{"start":{"line":45,"column":16},"end":{"line":48,"column":5}}},"4":{"name":"(anonymous_4)","decl":{"start":{"line":47,"column":52},"end":{"line":47,"column":54}},"loc":{"start":{"line":47,"column":56},"end":{"line":47,"column":58}}},"5":{"name":"(anonymous_5)","decl":{"start":{"line":50,"column":4},"end":{"line":50,"column":12}},"loc":{"start":{"line":50,"column":25},"end":{"line":52,"column":5}}},"6":{"name":"(anonymous_6)","decl":{"start":{"line":54,"column":4},"end":{"line":54,"column":12}},"loc":{"start":{"line":54,"column":41},"end":{"line":56,"column":5}}},"7":{"name":"(anonymous_7)","decl":{"start":{"line":58,"column":4},"end":{"line":58,"column":13}},"loc":{"start":{"line":58,"column":62},"end":{"line":68,"column":5}}},"8":{"name":"(anonymous_8)","decl":{"start":{"line":61,"column":30},"end":{"line":61,"column":31}},"loc":{"start":{"line":61,"column":33},"end":{"line":63,"column":13}}},"9":{"name":"(anonymous_9)","decl":{"start":{"line":70,"column":4},"end":{"line":70,"column":12}},"loc":{"start":{"line":70,"column":57},"end":{"line":76,"column":5}}},"10":{"name":"(anonymous_10)","decl":{"start":{"line":78,"column":12},"end":{"line":78,"column":18}},"loc":{"start":{"line":78,"column":76},"end":{"line":84,"column":5}}}},"branchMap":{"0":{"loc":{"start":{"line":22,"column":27},"end":{"line":22,"column":29}},"type":"default-arg","locations":[{"start":{"line":22,"column":27},"end":{"line":22,"column":29}}]},"1":{"loc":{"start":{"line":22,"column":55},"end":{"line":22,"column":57}},"type":"default-arg","locations":[{"start":{"line":22,"column":55},"end":{"line":22,"column":57}}]},"2":{"loc":{"start":{"line":24,"column":8},"end":{"line":26,"column":null}},"type":"if","locations":[{"start":{"line":24,"column":8},"end":{"line":26,"column":null}},{"start":{"line":24,"column":8},"end":{"line":26,"column":null}}]},"3":{"loc":{"start":{"line":46,"column":8},"end":{"line":46,"column":34}},"type":"if","locations":[{"start":{"line":46,"column":8},"end":{"line":46,"column":34}},{"start":{"line":46,"column":8},"end":{"line":46,"column":34}}]},"4":{"loc":{"start":{"line":59,"column":8},"end":{"line":59,"column":34}},"type":"if","locations":[{"start":{"line":59,"column":8},"end":{"line":59,"column":34}},{"start":{"line":59,"column":8},"end":{"line":59,"column":34}}]},"5":{"loc":{"start":{"line":60,"column":8},"end":{"line":66,"column":null}},"type":"if","locations":[{"start":{"line":60,"column":8},"end":{"line":66,"column":null}},{"start":{"line":60,"column":8},"end":{"line":66,"column":null}}]},"6":{"loc":{"start":{"line":70,"column":55},"end":{"line":70,"column":57}},"type":"default-arg","locations":[{"start":{"line":70,"column":55},"end":{"line":70,"column":57}}]},"7":{"loc":{"start":{"line":72,"column":8},"end":{"line":75,"column":null}},"type":"if","locations":[{"start":{"line":72,"column":8},"end":{"line":75,"column":null}},{"start":{"line":72,"column":8},"end":{"line":75,"column":null}}]},"8":{"loc":{"start":{"line":78,"column":74},"end":{"line":78,"column":76}},"type":"default-arg","locations":[{"start":{"line":78,"column":74},"end":{"line":78,"column":76}}]},"9":{"loc":{"start":{"line":81,"column":8},"end":{"line":81,"column":24}},"type":"if","locations":[{"start":{"line":81,"column":8},"end":{"line":81,"column":24}},{"start":{"line":81,"column":8},"end":{"line":81,"column":24}}]}},"s":{"0":3,"1":3,"2":0,"3":0,"4":0,"5":0,"6":0,"7":0,"8":0,"9":0,"10":0,"11":0,"12":0,"13":0,"14":0,"15":0,"16":0,"17":0,"18":0,"19":0,"20":0,"21":0,"22":0,"23":0,"24":0,"25":0,"26":0,"27":0,"28":0,"29":0,"30":0,"31":0,"32":0,"33":0,"34":3,"35":3},"f":{"0":0,"1":0,"2":0,"3":0,"4":0,"5":0,"6":0,"7":0,"8":0,"9":0,"10":0},"b":{"0":[0],"1":[0],"2":[0,0],"3":[0,0],"4":[0,0],"5":[0,0],"6":[0],"7":[0,0],"8":[0],"9":[0,0]}}
,"/Users/macbook/Projects/yp/fresh_talk/src/core/util/check-field.ts": {"path":"/Users/macbook/Projects/yp/fresh_talk/src/core/util/check-field.ts","statementMap":{"0":{"start":{"line":6,"column":24},"end":{"line":6,"column":29}},"1":{"start":{"line":7,"column":26},"end":{"line":7,"column":28}},"2":{"start":{"line":8,"column":4},"end":{"line":45,"column":null}},"3":{"start":{"line":10,"column":32},"end":{"line":10,"column":102}},"4":{"start":{"line":11,"column":12},"end":{"line":14,"column":null}},"5":{"start":{"line":12,"column":16},"end":{"line":12,"column":null}},"6":{"start":{"line":13,"column":16},"end":{"line":13,"column":null}},"7":{"start":{"line":15,"column":12},"end":{"line":15,"column":18}},"8":{"start":{"line":17,"column":32},"end":{"line":17,"column":85}},"9":{"start":{"line":18,"column":12},"end":{"line":21,"column":null}},"10":{"start":{"line":19,"column":16},"end":{"line":19,"column":null}},"11":{"start":{"line":20,"column":16},"end":{"line":20,"column":null}},"12":{"start":{"line":22,"column":12},"end":{"line":22,"column":18}},"13":{"start":{"line":25,"column":12},"end":{"line":28,"column":null}},"14":{"start":{"line":26,"column":16},"end":{"line":26,"column":null}},"15":{"start":{"line":27,"column":16},"end":{"line":27,"column":null}},"16":{"start":{"line":29,"column":12},"end":{"line":29,"column":18}},"17":{"start":{"line":31,"column":12},"end":{"line":31,"column":null}},"18":{"start":{"line":32,"column":12},"end":{"line":32,"column":18}},"19":{"start":{"line":34,"column":12},"end":{"line":34,"column":25}},"20":{"start":{"line":35,"column":12},"end":{"line":35,"column":18}},"21":{"start":{"line":37,"column":12},"end":{"line":40,"column":null}},"22":{"start":{"line":38,"column":16},"end":{"line":38,"column":28}},"23":{"start":{"line":39,"column":16},"end":{"line":39,"column":55}},"24":{"start":{"line":41,"column":12},"end":{"line":41,"column":18}},"25":{"start":{"line":43,"column":12},"end":{"line":43,"column":25}},"26":{"start":{"line":44,"column":12},"end":{"line":44,"column":18}},"27":{"start":{"line":46,"column":4},"end":{"line":46,"column":null}},"28":{"start":{"line":5,"column":0},"end":{"line":5,"column":16}}},"fnMap":{"0":{"name":"checkField","decl":{"start":{"line":5,"column":16},"end":{"line":5,"column":26}},"loc":{"start":{"line":5,"column":54},"end":{"line":47,"column":1}}}},"branchMap":{"0":{"loc":{"start":{"line":9,"column":8},"end":{"line":15,"column":18}},"type":"switch","locations":[{"start":{"line":9,"column":8},"end":{"line":15,"column":18}},{"start":{"line":16,"column":8},"end":{"line":22,"column":18}},{"start":{"line":23,"column":8},"end":{"line":29,"column":18}},{"start":{"line":30,"column":8},"end":{"line":32,"column":18}},{"start":{"line":33,"column":8},"end":{"line":35,"column":18}},{"start":{"line":36,"column":8},"end":{"line":41,"column":18}},{"start":{"line":42,"column":8},"end":{"line":44,"column":18}}]},"1":{"loc":{"start":{"line":11,"column":12},"end":{"line":14,"column":null}},"type":"if","locations":[{"start":{"line":11,"column":12},"end":{"line":14,"column":null}},{"start":{"line":11,"column":12},"end":{"line":14,"column":null}}]},"2":{"loc":{"start":{"line":11,"column":16},"end":{"line":11,"column":44}},"type":"binary-expr","locations":[{"start":{"line":11,"column":16},"end":{"line":11,"column":44}},{"start":{"line":11,"column":48},"end":{"line":11,"column":82}}]},"3":{"loc":{"start":{"line":18,"column":12},"end":{"line":21,"column":null}},"type":"if","locations":[{"start":{"line":18,"column":12},"end":{"line":21,"column":null}},{"start":{"line":18,"column":12},"end":{"line":21,"column":null}}]},"4":{"loc":{"start":{"line":18,"column":16},"end":{"line":18,"column":44}},"type":"binary-expr","locations":[{"start":{"line":18,"column":16},"end":{"line":18,"column":44}},{"start":{"line":18,"column":48},"end":{"line":18,"column":82}}]},"5":{"loc":{"start":{"line":25,"column":12},"end":{"line":28,"column":null}},"type":"if","locations":[{"start":{"line":25,"column":12},"end":{"line":28,"column":null}},{"start":{"line":25,"column":12},"end":{"line":28,"column":null}}]},"6":{"loc":{"start":{"line":37,"column":12},"end":{"line":40,"column":null}},"type":"if","locations":[{"start":{"line":37,"column":12},"end":{"line":40,"column":null}},{"start":{"line":37,"column":12},"end":{"line":40,"column":null}}]}},"s":{"0":0,"1":0,"2":0,"3":0,"4":0,"5":0,"6":0,"7":0,"8":0,"9":0,"10":0,"11":0,"12":0,"13":0,"14":0,"15":0,"16":0,"17":0,"18":0,"19":0,"20":0,"21":0,"22":0,"23":0,"24":0,"25":0,"26":0,"27":0,"28":3},"f":{"0":0},"b":{"0":[0,0,0,0,0,0,0],"1":[0,0],"2":[0,0],"3":[0,0],"4":[0,0],"5":[0,0],"6":[0,0]}}
,"/Users/macbook/Projects/yp/fresh_talk/src/core/util/check-form.ts": {"path":"/Users/macbook/Projects/yp/fresh_talk/src/core/util/check-form.ts","statementMap":{"0":{"start":{"line":1,"column":0},"end":{"line":1,"column":43}},"1":{"start":{"line":2,"column":0},"end":{"line":2,"column":34}},"2":{"start":{"line":5,"column":13},"end":{"line":15,"column":null}},"3":{"start":{"line":6,"column":18},"end":{"line":6,"column":44}},"4":{"start":{"line":7,"column":18},"end":{"line":7,"column":69}},"5":{"start":{"line":8,"column":4},"end":{"line":14,"column":null}},"6":{"start":{"line":9,"column":8},"end":{"line":9,"column":44}},"7":{"start":{"line":10,"column":8},"end":{"line":10,"column":68}},"8":{"start":{"line":13,"column":8},"end":{"line":13,"column":44}}},"fnMap":{"0":{"name":"(anonymous_0)","decl":{"start":{"line":5,"column":25},"end":{"line":5,"column":26}},"loc":{"start":{"line":5,"column":38},"end":{"line":15,"column":1}}}},"branchMap":{"0":{"loc":{"start":{"line":8,"column":4},"end":{"line":14,"column":null}},"type":"if","locations":[{"start":{"line":8,"column":4},"end":{"line":14,"column":null}},{"start":{"line":8,"column":4},"end":{"line":14,"column":null}}]}},"s":{"0":3,"1":3,"2":3,"3":0,"4":0,"5":0,"6":0,"7":0,"8":0},"f":{"0":0},"b":{"0":[0,0]}}
,"/Users/macbook/Projects/yp/fresh_talk/src/core/util/dom-element.ts": {"path":"/Users/macbook/Projects/yp/fresh_talk/src/core/util/dom-element.ts","statementMap":{"0":{"start":{"line":1,"column":0},"end":{"line":1,"column":30}},"1":{"start":{"line":7,"column":8},"end":{"line":9,"column":null}},"2":{"start":{"line":8,"column":12},"end":{"line":8,"column":null}},"3":{"start":{"line":10,"column":8},"end":{"line":10,"column":47}},"4":{"start":{"line":15,"column":8},"end":{"line":17,"column":null}},"5":{"start":{"line":16,"column":12},"end":{"line":16,"column":null}},"6":{"start":{"line":18,"column":8},"end":{"line":18,"column":null}},"7":{"start":{"line":22,"column":8},"end":{"line":22,"column":null}},"8":{"start":{"line":22,"column":32},"end":{"line":22,"column":null}},"9":{"start":{"line":23,"column":8},"end":{"line":23,"column":null}},"10":{"start":{"line":27,"column":8},"end":{"line":27,"column":null}},"11":{"start":{"line":27,"column":32},"end":{"line":27,"column":null}},"12":{"start":{"line":31,"column":8},"end":{"line":33,"column":null}},"13":{"start":{"line":32,"column":13},"end":{"line":32,"column":null}},"14":{"start":{"line":37,"column":8},"end":{"line":39,"column":null}},"15":{"start":{"line":38,"column":13},"end":{"line":38,"column":null}},"16":{"start":{"line":43,"column":8},"end":{"line":45,"column":null}},"17":{"start":{"line":44,"column":12},"end":{"line":44,"column":null}},"18":{"start":{"line":46,"column":8},"end":{"line":46,"column":null}},"19":{"start":{"line":50,"column":8},"end":{"line":52,"column":null}},"20":{"start":{"line":51,"column":12},"end":{"line":51,"column":null}},"21":{"start":{"line":53,"column":8},"end":{"line":53,"column":null}},"22":{"start":{"line":57,"column":8},"end":{"line":59,"column":null}},"23":{"start":{"line":58,"column":12},"end":{"line":58,"column":null}},"24":{"start":{"line":60,"column":8},"end":{"line":60,"column":null}},"25":{"start":{"line":65,"column":8},"end":{"line":68,"column":null}},"26":{"start":{"line":66,"column":38},"end":{"line":66,"column":80}},"27":{"start":{"line":67,"column":12},"end":{"line":67,"column":null}},"28":{"start":{"line":69,"column":8},"end":{"line":69,"column":null}},"29":{"start":{"line":73,"column":8},"end":{"line":75,"column":null}},"30":{"start":{"line":74,"column":12},"end":{"line":74,"column":null}},"31":{"start":{"line":74,"column":86},"end":{"line":74,"column":105}},"32":{"start":{"line":79,"column":8},"end":{"line":81,"column":null}},"33":{"start":{"line":80,"column":12},"end":{"line":80,"column":57}},"34":{"start":{"line":82,"column":8},"end":{"line":84,"column":null}},"35":{"start":{"line":83,"column":12},"end":{"line":83,"column":66}},"36":{"start":{"line":85,"column":8},"end":{"line":85,"column":null}},"37":{"start":{"line":89,"column":8},"end":{"line":89,"column":null}},"38":{"start":{"line":89,"column":31},"end":{"line":89,"column":null}},"39":{"start":{"line":93,"column":8},"end":{"line":93,"column":null}},"40":{"start":{"line":93,"column":31},"end":{"line":93,"column":null}},"41":{"start":{"line":97,"column":8},"end":{"line":97,"column":76}},"42":{"start":{"line":97,"column":32},"end":{"line":97,"column":76}},"43":{"start":{"line":98,"column":8},"end":{"line":98,"column":20}},"44":{"start":{"line":102,"column":8},"end":{"line":102,"column":null}},"45":{"start":{"line":107,"column":8},"end":{"line":107,"column":79}},"46":{"start":{"line":107,"column":32},"end":{"line":107,"column":79}},"47":{"start":{"line":108,"column":8},"end":{"line":108,"column":20}},"48":{"start":{"line":3,"column":0},"end":{"line":3,"column":13}},"49":{"start":{"line":128,"column":4},"end":{"line":128,"column":30}},"50":{"start":{"line":127,"column":0},"end":{"line":127,"column":16}}},"fnMap":{"0":{"name":"(anonymous_0)","decl":{"start":{"line":6,"column":4},"end":{"line":6,"column":16}},"loc":{"start":{"line":6,"column":40},"end":{"line":11,"column":5}}},"1":{"name":"(anonymous_1)","decl":{"start":{"line":13,"column":4},"end":{"line":13,"column":6}},"loc":{"start":{"line":13,"column":59},"end":{"line":19,"column":5}}},"2":{"name":"(anonymous_2)","decl":{"start":{"line":21,"column":4},"end":{"line":21,"column":7}},"loc":{"start":{"line":21,"column":46},"end":{"line":24,"column":5}}},"3":{"name":"(anonymous_3)","decl":{"start":{"line":26,"column":4},"end":{"line":26,"column":10}},"loc":{"start":{"line":26,"column":10},"end":{"line":28,"column":5}}},"4":{"name":"(anonymous_4)","decl":{"start":{"line":30,"column":4},"end":{"line":30,"column":8}},"loc":{"start":{"line":30,"column":21},"end":{"line":34,"column":7}}},"5":{"name":"(anonymous_5)","decl":{"start":{"line":36,"column":4},"end":{"line":36,"column":8}},"loc":{"start":{"line":36,"column":21},"end":{"line":40,"column":7}}},"6":{"name":"(anonymous_6)","decl":{"start":{"line":42,"column":4},"end":{"line":42,"column":11}},"loc":{"start":{"line":42,"column":11},"end":{"line":47,"column":7}}},"7":{"name":"(anonymous_7)","decl":{"start":{"line":49,"column":4},"end":{"line":49,"column":11}},"loc":{"start":{"line":49,"column":11},"end":{"line":54,"column":5}}},"8":{"name":"(anonymous_8)","decl":{"start":{"line":56,"column":4},"end":{"line":56,"column":10}},"loc":{"start":{"line":56,"column":25},"end":{"line":61,"column":5}}},"9":{"name":"(anonymous_9)","decl":{"start":{"line":64,"column":4},"end":{"line":64,"column":8}},"loc":{"start":{"line":64,"column":25},"end":{"line":70,"column":5}}},"10":{"name":"(anonymous_10)","decl":{"start":{"line":72,"column":4},"end":{"line":72,"column":11}},"loc":{"start":{"line":72,"column":28},"end":{"line":76,"column":5}}},"11":{"name":"(anonymous_11)","decl":{"start":{"line":74,"column":81},"end":{"line":74,"column":82}},"loc":{"start":{"line":74,"column":86},"end":{"line":74,"column":105}}},"12":{"name":"(anonymous_12)","decl":{"start":{"line":78,"column":4},"end":{"line":78,"column":8}},"loc":{"start":{"line":78,"column":45},"end":{"line":86,"column":5}}},"13":{"name":"(anonymous_13)","decl":{"start":{"line":88,"column":4},"end":{"line":88,"column":8}},"loc":{"start":{"line":88,"column":8},"end":{"line":90,"column":5}}},"14":{"name":"(anonymous_14)","decl":{"start":{"line":92,"column":4},"end":{"line":92,"column":8}},"loc":{"start":{"line":92,"column":8},"end":{"line":94,"column":5}}},"15":{"name":"(anonymous_15)","decl":{"start":{"line":96,"column":4},"end":{"line":96,"column":12}},"loc":{"start":{"line":96,"column":30},"end":{"line":99,"column":5}}},"16":{"name":"(anonymous_16)","decl":{"start":{"line":101,"column":4},"end":{"line":101,"column":12}},"loc":{"start":{"line":101,"column":26},"end":{"line":103,"column":5}}},"17":{"name":"(anonymous_17)","decl":{"start":{"line":106,"column":4},"end":{"line":106,"column":15}},"loc":{"start":{"line":106,"column":33},"end":{"line":109,"column":5}}},"18":{"name":"$","decl":{"start":{"line":127,"column":16},"end":{"line":127,"column":17}},"loc":{"start":{"line":127,"column":42},"end":{"line":129,"column":1}}}},"branchMap":{"0":{"loc":{"start":{"line":7,"column":8},"end":{"line":9,"column":null}},"type":"if","locations":[{"start":{"line":7,"column":8},"end":{"line":9,"column":null}},{"start":{"line":7,"column":8},"end":{"line":9,"column":null}}]},"1":{"loc":{"start":{"line":13,"column":54},"end":{"line":13,"column":59}},"type":"default-arg","locations":[{"start":{"line":13,"column":54},"end":{"line":13,"column":59}}]},"2":{"loc":{"start":{"line":15,"column":8},"end":{"line":17,"column":null}},"type":"if","locations":[{"start":{"line":15,"column":8},"end":{"line":17,"column":null}},{"start":{"line":15,"column":8},"end":{"line":17,"column":null}}]},"3":{"loc":{"start":{"line":22,"column":8},"end":{"line":22,"column":null}},"type":"if","locations":[{"start":{"line":22,"column":8},"end":{"line":22,"column":null}},{"start":{"line":22,"column":8},"end":{"line":22,"column":null}}]},"4":{"loc":{"start":{"line":27,"column":8},"end":{"line":27,"column":null}},"type":"if","locations":[{"start":{"line":27,"column":8},"end":{"line":27,"column":null}},{"start":{"line":27,"column":8},"end":{"line":27,"column":null}}]},"5":{"loc":{"start":{"line":31,"column":8},"end":{"line":33,"column":null}},"type":"if","locations":[{"start":{"line":31,"column":8},"end":{"line":33,"column":null}},{"start":{"line":31,"column":8},"end":{"line":33,"column":null}}]},"6":{"loc":{"start":{"line":31,"column":12},"end":{"line":31,"column":31}},"type":"binary-expr","locations":[{"start":{"line":31,"column":12},"end":{"line":31,"column":31}},{"start":{"line":31,"column":35},"end":{"line":31,"column":53}}]},"7":{"loc":{"start":{"line":37,"column":8},"end":{"line":39,"column":null}},"type":"if","locations":[{"start":{"line":37,"column":8},"end":{"line":39,"column":null}},{"start":{"line":37,"column":8},"end":{"line":39,"column":null}}]},"8":{"loc":{"start":{"line":37,"column":12},"end":{"line":37,"column":31}},"type":"binary-expr","locations":[{"start":{"line":37,"column":12},"end":{"line":37,"column":31}},{"start":{"line":37,"column":35},"end":{"line":37,"column":53}}]},"9":{"loc":{"start":{"line":43,"column":8},"end":{"line":45,"column":null}},"type":"if","locations":[{"start":{"line":43,"column":8},"end":{"line":45,"column":null}},{"start":{"line":43,"column":8},"end":{"line":45,"column":null}}]},"10":{"loc":{"start":{"line":50,"column":8},"end":{"line":52,"column":null}},"type":"if","locations":[{"start":{"line":50,"column":8},"end":{"line":52,"column":null}},{"start":{"line":50,"column":8},"end":{"line":52,"column":null}}]},"11":{"loc":{"start":{"line":57,"column":8},"end":{"line":59,"column":null}},"type":"if","locations":[{"start":{"line":57,"column":8},"end":{"line":59,"column":null}},{"start":{"line":57,"column":8},"end":{"line":59,"column":null}}]},"12":{"loc":{"start":{"line":65,"column":8},"end":{"line":68,"column":null}},"type":"if","locations":[{"start":{"line":65,"column":8},"end":{"line":68,"column":null}},{"start":{"line":65,"column":8},"end":{"line":68,"column":null}}]},"13":{"loc":{"start":{"line":73,"column":8},"end":{"line":75,"column":null}},"type":"if","locations":[{"start":{"line":73,"column":8},"end":{"line":75,"column":null}},{"start":{"line":73,"column":8},"end":{"line":75,"column":null}}]},"14":{"loc":{"start":{"line":78,"column":41},"end":{"line":78,"column":45}},"type":"default-arg","locations":[{"start":{"line":78,"column":41},"end":{"line":78,"column":45}}]},"15":{"loc":{"start":{"line":79,"column":8},"end":{"line":81,"column":null}},"type":"if","locations":[{"start":{"line":79,"column":8},"end":{"line":81,"column":null}},{"start":{"line":79,"column":8},"end":{"line":81,"column":null}}]},"16":{"loc":{"start":{"line":79,"column":12},"end":{"line":79,"column":24}},"type":"binary-expr","locations":[{"start":{"line":79,"column":12},"end":{"line":79,"column":24}},{"start":{"line":79,"column":28},"end":{"line":79,"column":46}}]},"17":{"loc":{"start":{"line":82,"column":8},"end":{"line":84,"column":null}},"type":"if","locations":[{"start":{"line":82,"column":8},"end":{"line":84,"column":null}},{"start":{"line":82,"column":8},"end":{"line":84,"column":null}}]},"18":{"loc":{"start":{"line":89,"column":8},"end":{"line":89,"column":null}},"type":"if","locations":[{"start":{"line":89,"column":8},"end":{"line":89,"column":null}},{"start":{"line":89,"column":8},"end":{"line":89,"column":null}}]},"19":{"loc":{"start":{"line":93,"column":8},"end":{"line":93,"column":null}},"type":"if","locations":[{"start":{"line":93,"column":8},"end":{"line":93,"column":null}},{"start":{"line":93,"column":8},"end":{"line":93,"column":null}}]},"20":{"loc":{"start":{"line":97,"column":8},"end":{"line":97,"column":76}},"type":"if","locations":[{"start":{"line":97,"column":8},"end":{"line":97,"column":76}},{"start":{"line":97,"column":8},"end":{"line":97,"column":76}}]},"21":{"loc":{"start":{"line":107,"column":8},"end":{"line":107,"column":79}},"type":"if","locations":[{"start":{"line":107,"column":8},"end":{"line":107,"column":79}},{"start":{"line":107,"column":8},"end":{"line":107,"column":79}}]}},"s":{"0":3,"1":1,"2":0,"3":1,"4":0,"5":0,"6":0,"7":0,"8":0,"9":0,"10":0,"11":0,"12":0,"13":0,"14":1,"15":1,"16":0,"17":0,"18":0,"19":0,"20":0,"21":0,"22":0,"23":0,"24":0,"25":0,"26":0,"27":0,"28":0,"29":0,"30":0,"31":0,"32":0,"33":0,"34":0,"35":0,"36":0,"37":0,"38":0,"39":0,"40":0,"41":0,"42":0,"43":0,"44":0,"45":0,"46":0,"47":0,"48":3,"49":1,"50":3},"f":{"0":1,"1":0,"2":0,"3":0,"4":0,"5":1,"6":0,"7":0,"8":0,"9":0,"10":0,"11":0,"12":0,"13":0,"14":0,"15":0,"16":0,"17":0,"18":1},"b":{"0":[0,1],"1":[0],"2":[0,0],"3":[0,0],"4":[0,0],"5":[0,0],"6":[0,0],"7":[1,0],"8":[1,1],"9":[0,0],"10":[0,0],"11":[0,0],"12":[0,0],"13":[0,0],"14":[0],"15":[0,0],"16":[0,0],"17":[0,0],"18":[0,0],"19":[0,0],"20":[0,0],"21":[0,0]}}
,"/Users/macbook/Projects/yp/fresh_talk/src/core/util/error.ts": {"path":"/Users/macbook/Projects/yp/fresh_talk/src/core/util/error.ts","statementMap":{"0":{"start":{"line":3,"column":4},"end":{"line":8,"column":null}},"1":{"start":{"line":4,"column":8},"end":{"line":4,"column":null}},"2":{"start":{"line":6,"column":22},"end":{"line":6,"column":47}},"3":{"start":{"line":7,"column":8},"end":{"line":7,"column":null}},"4":{"start":{"line":9,"column":4},"end":{"line":9,"column":null}},"5":{"start":{"line":1,"column":0},"end":{"line":1,"column":16}}},"fnMap":{"0":{"name":"errorRequest","decl":{"start":{"line":1,"column":16},"end":{"line":1,"column":28}},"loc":{"start":{"line":1,"column":49},"end":{"line":10,"column":1}}}},"branchMap":{"0":{"loc":{"start":{"line":3,"column":4},"end":{"line":8,"column":null}},"type":"if","locations":[{"start":{"line":3,"column":4},"end":{"line":8,"column":null}},{"start":{"line":3,"column":4},"end":{"line":8,"column":null}}]}},"s":{"0":1,"1":1,"2":0,"3":0,"4":1,"5":1},"f":{"0":1},"b":{"0":[1,0]}}
,"/Users/macbook/Projects/yp/fresh_talk/src/core/util/escape.ts": {"path":"/Users/macbook/Projects/yp/fresh_talk/src/core/util/escape.ts","statementMap":{"0":{"start":{"line":2,"column":51},"end":{"line":8,"column":null}},"1":{"start":{"line":10,"column":4},"end":{"line":12,"column":null}},"2":{"start":{"line":11,"column":8},"end":{"line":11,"column":34}},"3":{"start":{"line":1,"column":0},"end":{"line":1,"column":16}}},"fnMap":{"0":{"name":"escape","decl":{"start":{"line":1,"column":16},"end":{"line":1,"column":22}},"loc":{"start":{"line":1,"column":34},"end":{"line":13,"column":1}}},"1":{"name":"(anonymous_1)","decl":{"start":{"line":10,"column":35},"end":{"line":10,"column":36}},"loc":{"start":{"line":10,"column":45},"end":{"line":12,"column":5}}}},"branchMap":{},"s":{"0":0,"1":0,"2":0,"3":3},"f":{"0":0,"1":0},"b":{}}
,"/Users/macbook/Projects/yp/fresh_talk/src/core/util/findState.ts": {"path":"/Users/macbook/Projects/yp/fresh_talk/src/core/util/findState.ts","statementMap":{"0":{"start":{"line":8,"column":17},"end":{"line":8,"column":32}},"1":{"start":{"line":10,"column":24},"end":{"line":10,"column":37}},"2":{"start":{"line":12,"column":4},"end":{"line":20,"column":null}},"3":{"start":{"line":12,"column":17},"end":{"line":12,"column":18}},"4":{"start":{"line":13,"column":35},"end":{"line":13,"column":42}},"5":{"start":{"line":14,"column":8},"end":{"line":16,"column":null}},"6":{"start":{"line":15,"column":12},"end":{"line":15,"column":null}},"7":{"start":{"line":18,"column":8},"end":{"line":18,"column":null}},"8":{"start":{"line":21,"column":4},"end":{"line":21,"column":null}},"9":{"start":{"line":6,"column":0},"end":{"line":6,"column":16}}},"fnMap":{"0":{"name":"findState","decl":{"start":{"line":6,"column":16},"end":{"line":6,"column":25}},"loc":{"start":{"line":6,"column":52},"end":{"line":22,"column":1}}}},"branchMap":{"0":{"loc":{"start":{"line":14,"column":8},"end":{"line":16,"column":null}},"type":"if","locations":[{"start":{"line":14,"column":8},"end":{"line":16,"column":null}},{"start":{"line":14,"column":8},"end":{"line":16,"column":null}}]},"1":{"loc":{"start":{"line":14,"column":12},"end":{"line":14,"column":16}},"type":"binary-expr","locations":[{"start":{"line":14,"column":12},"end":{"line":14,"column":16}},{"start":{"line":14,"column":20},"end":{"line":14,"column":47}}]}},"s":{"0":3,"1":3,"2":3,"3":3,"4":5,"5":5,"6":0,"7":5,"8":3,"9":3},"f":{"0":3},"b":{"0":[0,5],"1":[5,5]}}
,"/Users/macbook/Projects/yp/fresh_talk/src/core/util/globalObject.ts": {"path":"/Users/macbook/Projects/yp/fresh_talk/src/core/util/globalObject.ts","statementMap":{"0":{"start":{"line":1,"column":29},"end":{"line":1,"column":31}},"1":{"start":{"line":4,"column":4},"end":{"line":10,"column":45}},"2":{"start":{"line":3,"column":0},"end":{"line":3,"column":16}},"3":{"start":{"line":15,"column":4},"end":{"line":19,"column":6}},"4":{"start":{"line":14,"column":0},"end":{"line":14,"column":16}}},"fnMap":{"0":{"name":"getGlobalObject","decl":{"start":{"line":3,"column":16},"end":{"line":3,"column":31}},"loc":{"start":{"line":3,"column":31},"end":{"line":11,"column":1}}},"1":{"name":"isNodeEnv","decl":{"start":{"line":14,"column":16},"end":{"line":14,"column":25}},"loc":{"start":{"line":14,"column":25},"end":{"line":20,"column":1}}}},"branchMap":{"0":{"loc":{"start":{"line":5,"column":10},"end":{"line":5,"column":16}},"type":"cond-expr","locations":[{"start":{"line":5,"column":10},"end":{"line":5,"column":16}},{"start":{"line":6,"column":10},"end":{"line":10,"column":38}}]},"1":{"loc":{"start":{"line":7,"column":14},"end":{"line":7,"column":20}},"type":"cond-expr","locations":[{"start":{"line":7,"column":14},"end":{"line":7,"column":20}},{"start":{"line":8,"column":14},"end":{"line":10,"column":38}}]},"2":{"loc":{"start":{"line":9,"column":18},"end":{"line":9,"column":22}},"type":"cond-expr","locations":[{"start":{"line":9,"column":18},"end":{"line":9,"column":22}},{"start":{"line":10,"column":18},"end":{"line":10,"column":38}}]},"3":{"loc":{"start":{"line":17,"column":45},"end":{"line":17,"column":52}},"type":"cond-expr","locations":[{"start":{"line":17,"column":45},"end":{"line":17,"column":52}},{"start":{"line":17,"column":55},"end":{"line":17,"column":56}}]}},"s":{"0":3,"1":4,"2":3,"3":4,"4":3},"f":{"0":4,"1":4},"b":{"0":[4,0],"1":[0,0],"2":[0,0],"3":[4,0]}}
,"/Users/macbook/Projects/yp/fresh_talk/src/core/util/index.ts": {"path":"/Users/macbook/Projects/yp/fresh_talk/src/core/util/index.ts","statementMap":{"0":{"start":{"line":1,"column":0},"end":{"line":1,"column":8}},"1":{"start":{"line":12,"column":4},"end":{"line":1,"column":41}},"2":{"start":{"line":2,"column":0},"end":{"line":2,"column":8}},"3":{"start":{"line":11,"column":4},"end":{"line":2,"column":39}},"4":{"start":{"line":3,"column":0},"end":{"line":3,"column":8}},"5":{"start":{"line":10,"column":4},"end":{"line":3,"column":41}},"6":{"start":{"line":4,"column":0},"end":{"line":4,"column":8}},"7":{"start":{"line":13,"column":4},"end":{"line":4,"column":36}},"8":{"start":{"line":5,"column":0},"end":{"line":5,"column":8}},"9":{"start":{"line":14,"column":4},"end":{"line":5,"column":38}},"10":{"start":{"line":6,"column":0},"end":{"line":6,"column":8}},"11":{"start":{"line":15,"column":4},"end":{"line":6,"column":41}},"12":{"start":{"line":7,"column":0},"end":{"line":7,"column":8}},"13":{"start":{"line":16,"column":4},"end":{"line":7,"column":32}}},"fnMap":{"0":{"name":"(anonymous_0)","decl":{"start":{"line":12,"column":4},"end":{"line":12,"column":14}},"loc":{"start":{"line":12,"column":4},"end":{"line":1,"column":41}}},"1":{"name":"(anonymous_1)","decl":{"start":{"line":11,"column":4},"end":{"line":11,"column":13}},"loc":{"start":{"line":11,"column":4},"end":{"line":2,"column":39}}},"2":{"name":"(anonymous_2)","decl":{"start":{"line":10,"column":4},"end":{"line":10,"column":14}},"loc":{"start":{"line":10,"column":4},"end":{"line":3,"column":41}}},"3":{"name":"(anonymous_3)","decl":{"start":{"line":13,"column":4},"end":{"line":13,"column":12}},"loc":{"start":{"line":13,"column":4},"end":{"line":4,"column":36}}},"4":{"name":"(anonymous_4)","decl":{"start":{"line":14,"column":4},"end":{"line":14,"column":13}},"loc":{"start":{"line":14,"column":4},"end":{"line":5,"column":38}}},"5":{"name":"(anonymous_5)","decl":{"start":{"line":15,"column":4},"end":{"line":15,"column":14}},"loc":{"start":{"line":15,"column":4},"end":{"line":6,"column":41}}},"6":{"name":"(anonymous_6)","decl":{"start":{"line":16,"column":4},"end":{"line":16,"column":10}},"loc":{"start":{"line":16,"column":4},"end":{"line":7,"column":32}}}},"branchMap":{},"s":{"0":3,"1":3,"2":3,"3":3,"4":3,"5":3,"6":3,"7":6,"8":3,"9":6,"10":3,"11":3,"12":3,"13":3},"f":{"0":0,"1":0,"2":0,"3":3,"4":3,"5":0,"6":0},"b":{}}
,"/Users/macbook/Projects/yp/fresh_talk/src/core/util/object-form.ts": {"path":"/Users/macbook/Projects/yp/fresh_talk/src/core/util/object-form.ts","statementMap":{"0":{"start":{"line":3,"column":44},"end":{"line":3,"column":46}},"1":{"start":{"line":5,"column":4},"end":{"line":7,"column":null}},"2":{"start":{"line":6,"column":8},"end":{"line":6,"column":null}},"3":{"start":{"line":9,"column":4},"end":{"line":9,"column":null}},"4":{"start":{"line":1,"column":0},"end":{"line":1,"column":16}}},"fnMap":{"0":{"name":"objectForm","decl":{"start":{"line":1,"column":16},"end":{"line":1,"column":26}},"loc":{"start":{"line":1,"column":41},"end":{"line":10,"column":1}}}},"branchMap":{},"s":{"0":0,"1":0,"2":0,"3":0,"4":3},"f":{"0":0},"b":{}}
,"/Users/macbook/Projects/yp/fresh_talk/src/core/util/setState.ts": {"path":"/Users/macbook/Projects/yp/fresh_talk/src/core/util/setState.ts","statementMap":{"0":{"start":{"line":6,"column":4},"end":{"line":8,"column":null}},"1":{"start":{"line":7,"column":8},"end":{"line":7,"column":null}},"2":{"start":{"line":9,"column":4},"end":{"line":10,"column":null}},"3":{"start":{"line":10,"column":8},"end":{"line":10,"column":null}},"4":{"start":{"line":12,"column":18},"end":{"line":12,"column":33}},"5":{"start":{"line":13,"column":23},"end":{"line":13,"column":25}},"6":{"start":{"line":15,"column":4},"end":{"line":25,"column":12}},"7":{"start":{"line":16,"column":8},"end":{"line":23,"column":null}},"8":{"start":{"line":17,"column":12},"end":{"line":17,"column":null}},"9":{"start":{"line":18,"column":12},"end":{"line":18,"column":null}},"10":{"start":{"line":21,"column":12},"end":{"line":21,"column":null}},"11":{"start":{"line":22,"column":12},"end":{"line":22,"column":null}},"12":{"start":{"line":28,"column":8},"end":{"line":38,"column":11}},"13":{"start":{"line":29,"column":26},"end":{"line":29,"column":34}},"14":{"start":{"line":30,"column":12},"end":{"line":37,"column":null}},"15":{"start":{"line":31,"column":16},"end":{"line":32,"column":null}},"16":{"start":{"line":32,"column":20},"end":{"line":32,"column":null}},"17":{"start":{"line":33,"column":16},"end":{"line":33,"column":null}},"18":{"start":{"line":36,"column":16},"end":{"line":36,"column":null}},"19":{"start":{"line":39,"column":8},"end":{"line":39,"column":null}},"20":{"start":{"line":41,"column":4},"end":{"line":41,"column":null}},"21":{"start":{"line":5,"column":0},"end":{"line":5,"column":16}}},"fnMap":{"0":{"name":"setState","decl":{"start":{"line":5,"column":16},"end":{"line":5,"column":24}},"loc":{"start":{"line":5,"column":80},"end":{"line":42,"column":1}}},"1":{"name":"(anonymous_1)","decl":{"start":{"line":15,"column":19},"end":{"line":15,"column":20}},"loc":{"start":{"line":15,"column":40},"end":{"line":25,"column":5}}},"2":{"name":"merge","decl":{"start":{"line":27,"column":13},"end":{"line":27,"column":18}},"loc":{"start":{"line":27,"column":45},"end":{"line":40,"column":5}}},"3":{"name":"(anonymous_3)","decl":{"start":{"line":28,"column":33},"end":{"line":28,"column":36}},"loc":{"start":{"line":28,"column":39},"end":{"line":38,"column":9}}}},"branchMap":{"0":{"loc":{"start":{"line":6,"column":4},"end":{"line":8,"column":null}},"type":"if","locations":[{"start":{"line":6,"column":4},"end":{"line":8,"column":null}},{"start":{"line":6,"column":4},"end":{"line":8,"column":null}}]},"1":{"loc":{"start":{"line":9,"column":4},"end":{"line":10,"column":null}},"type":"if","locations":[{"start":{"line":9,"column":4},"end":{"line":10,"column":null}},{"start":{"line":9,"column":4},"end":{"line":10,"column":null}}]},"2":{"loc":{"start":{"line":16,"column":8},"end":{"line":23,"column":null}},"type":"if","locations":[{"start":{"line":16,"column":8},"end":{"line":23,"column":null}},{"start":{"line":16,"column":8},"end":{"line":23,"column":null}}]},"3":{"loc":{"start":{"line":30,"column":12},"end":{"line":37,"column":null}},"type":"if","locations":[{"start":{"line":30,"column":12},"end":{"line":37,"column":null}},{"start":{"line":30,"column":12},"end":{"line":37,"column":null}}]},"4":{"loc":{"start":{"line":30,"column":16},"end":{"line":30,"column":41}},"type":"binary-expr","locations":[{"start":{"line":30,"column":16},"end":{"line":30,"column":41}},{"start":{"line":30,"column":45},"end":{"line":30,"column":57}},{"start":{"line":30,"column":61},"end":{"line":30,"column":82}}]},"5":{"loc":{"start":{"line":31,"column":16},"end":{"line":32,"column":null}},"type":"if","locations":[{"start":{"line":31,"column":16},"end":{"line":32,"column":null}},{"start":{"line":31,"column":16},"end":{"line":32,"column":null}}]}},"s":{"0":3,"1":0,"2":3,"3":0,"4":3,"5":3,"6":3,"7":3,"8":3,"9":3,"10":0,"11":0,"12":5,"13":13,"14":13,"15":2,"16":1,"17":2,"18":11,"19":5,"20":3,"21":3},"f":{"0":3,"1":3,"2":5,"3":13},"b":{"0":[0,3],"1":[0,3],"2":[3,0],"3":[2,11],"4":[13,5,3],"5":[1,1]}}
,"/Users/macbook/Projects/yp/fresh_talk/src/core/util/util.ts": {"path":"/Users/macbook/Projects/yp/fresh_talk/src/core/util/util.ts","statementMap":{"0":{"start":{"line":5,"column":13},"end":{"line":32,"column":null}},"1":{"start":{"line":8,"column":8},"end":{"line":8,"column":null}},"2":{"start":{"line":12,"column":8},"end":{"line":12,"column":null}},"3":{"start":{"line":16,"column":8},"end":{"line":18,"column":null}},"4":{"start":{"line":17,"column":12},"end":{"line":17,"column":null}},"5":{"start":{"line":19,"column":8},"end":{"line":19,"column":null}},"6":{"start":{"line":23,"column":8},"end":{"line":23,"column":null}},"7":{"start":{"line":23,"column":38},"end":{"line":23,"column":null}},"8":{"start":{"line":24,"column":8},"end":{"line":26,"column":null}},"9":{"start":{"line":25,"column":12},"end":{"line":25,"column":null}},"10":{"start":{"line":27,"column":8},"end":{"line":27,"column":null}},"11":{"start":{"line":28,"column":19},"end":{"line":28,"column":65}},"12":{"start":{"line":29,"column":23},"end":{"line":29,"column":43}},"13":{"start":{"line":30,"column":8},"end":{"line":30,"column":null}}},"fnMap":{"0":{"name":"(anonymous_0)","decl":{"start":{"line":7,"column":4},"end":{"line":7,"column":14}},"loc":{"start":{"line":7,"column":26},"end":{"line":9,"column":5}}},"1":{"name":"(anonymous_1)","decl":{"start":{"line":11,"column":4},"end":{"line":11,"column":12}},"loc":{"start":{"line":11,"column":24},"end":{"line":13,"column":5}}},"2":{"name":"(anonymous_2)","decl":{"start":{"line":15,"column":4},"end":{"line":15,"column":11}},"loc":{"start":{"line":15,"column":39},"end":{"line":20,"column":5}}},"3":{"name":"(anonymous_3)","decl":{"start":{"line":22,"column":4},"end":{"line":22,"column":8}},"loc":{"start":{"line":22,"column":38},"end":{"line":31,"column":5}}}},"branchMap":{"0":{"loc":{"start":{"line":16,"column":8},"end":{"line":18,"column":null}},"type":"if","locations":[{"start":{"line":16,"column":8},"end":{"line":18,"column":null}},{"start":{"line":16,"column":8},"end":{"line":18,"column":null}}]},"1":{"loc":{"start":{"line":16,"column":12},"end":{"line":16,"column":24}},"type":"binary-expr","locations":[{"start":{"line":16,"column":12},"end":{"line":16,"column":24}},{"start":{"line":16,"column":29},"end":{"line":16,"column":47}}]},"2":{"loc":{"start":{"line":23,"column":8},"end":{"line":23,"column":null}},"type":"if","locations":[{"start":{"line":23,"column":8},"end":{"line":23,"column":null}},{"start":{"line":23,"column":8},"end":{"line":23,"column":null}}]},"3":{"loc":{"start":{"line":24,"column":8},"end":{"line":26,"column":null}},"type":"if","locations":[{"start":{"line":24,"column":8},"end":{"line":26,"column":null}},{"start":{"line":24,"column":8},"end":{"line":26,"column":null}}]}},"s":{"0":3,"1":0,"2":2,"3":1,"4":0,"5":1,"6":0,"7":0,"8":0,"9":0,"10":0,"11":0,"12":0,"13":0},"f":{"0":0,"1":2,"2":1,"3":0},"b":{"0":[0,1],"1":[1,1],"2":[0,0],"3":[0,0]}}
}
