TN:
SF:src/app/api/api-auth.ts
FN:6,(anonymous_0)
FN:15,(anonymous_1)
FN:24,(anonymous_2)
FN:26,(anonymous_3)
FN:29,(anonymous_4)
FNF:5
FNH:0
FNDA:0,(anonymous_0)
FNDA:0,(anonymous_1)
FNDA:0,(anonymous_2)
FNDA:0,(anonymous_3)
FNDA:0,(anonymous_4)
DA:1,1
DA:2,1
DA:7,0
DA:16,0
DA:25,0
DA:26,0
DA:30,0
DA:35,1
LF:8
LH:3
BRF:0
BRH:0
end_of_record
TN:
SF:src/app/api/api-base.ts
FN:9,(anonymous_0)
FN:11,(anonymous_1)
FN:13,(anonymous_2)
FN:15,(anonymous_3)
FNF:4
FNH:0
FNDA:0,(anonymous_0)
FNDA:0,(anonymous_1)
FNDA:0,(anonymous_2)
FNDA:0,(anonymous_3)
DA:1,1
DA:3,1
DA:4,1
DA:5,1
DA:6,1
DA:8,1
LF:6
LH:6
BRF:0
BRH:0
end_of_record
TN:
SF:src/app/api/api-chats.ts
FN:7,(anonymous_0)
FN:9,(anonymous_1)
FN:12,(anonymous_2)
FN:21,(anonymous_3)
FN:27,(anonymous_4)
FN:32,(anonymous_5)
FN:41,(anonymous_6)
FN:50,(anonymous_7)
FNF:8
FNH:2
FNDA:3,(anonymous_0)
FNDA:2,(anonymous_1)
FNDA:0,(anonymous_2)
FNDA:0,(anonymous_3)
FNDA:0,(anonymous_4)
FNDA:0,(anonymous_5)
FNDA:0,(anonymous_6)
FNDA:0,(anonymous_7)
DA:1,1
DA:2,1
DA:8,3
DA:9,2
DA:13,0
DA:22,0
DA:29,0
DA:33,0
DA:42,0
DA:51,0
DA:62,1
LF:11
LH:5
BRDA:21,0,0,0
BRDA:27,1,0,0
BRDA:32,2,0,0
BRF:3
BRH:0
end_of_record
TN:
SF:src/app/api/api-user.ts
FN:4,(anonymous_0)
FN:12,(anonymous_1)
FN:17,(anonymous_2)
FNF:3
FNH:0
FNDA:0,(anonymous_0)
FNDA:0,(anonymous_1)
FNDA:0,(anonymous_2)
DA:1,1
DA:5,0
DA:13,0
DA:18,0
DA:27,1
LF:5
LH:2
BRDA:4,0,0,0
BRDA:12,1,0,0
BRDA:17,2,0,0
BRF:3
BRH:0
end_of_record
TN:
SF:src/app/api/index.ts
FN:7,(anonymous_0)
FN:8,(anonymous_1)
FN:9,(anonymous_2)
FNF:3
FNH:1
FNDA:0,(anonymous_0)
FNDA:0,(anonymous_1)
FNDA:3,(anonymous_2)
DA:1,1
DA:2,1
DA:3,1
DA:7,1
DA:8,1
DA:9,4
LF:6
LH:6
BRF:0
BRH:0
end_of_record
TN:
SF:src/core/index.ts
FN:12,(anonymous_0)
FN:14,(anonymous_1)
FN:15,(anonymous_2)
FN:17,(anonymous_3)
FN:18,(anonymous_4)
FN:19,(anonymous_5)
FN:20,(anonymous_6)
FN:16,(anonymous_7)
FN:13,(anonymous_8)
FNF:9
FNH:3
FNDA:0,(anonymous_0)
FNDA:1,(anonymous_1)
FNDA:0,(anonymous_2)
FNDA:1,(anonymous_3)
FNDA:0,(anonymous_4)
FNDA:0,(anonymous_5)
FNDA:0,(anonymous_6)
FNDA:4,(anonymous_7)
FNDA:0,(anonymous_8)
DA:1,3
DA:2,3
DA:3,3
DA:4,3
DA:5,3
DA:6,3
DA:7,3
DA:8,3
DA:12,3
DA:13,3
DA:14,4
DA:15,3
DA:16,7
DA:17,4
DA:18,3
DA:19,3
DA:20,3
LF:17
LH:17
BRF:0
BRH:0
end_of_record
TN:
SF:src/core/component/component.ts
FN:33,(anonymous_0)
FN:104,(anonymous_1)
FN:54,(anonymous_2)
FN:61,(anonymous_3)
FN:65,(anonymous_4)
FN:70,(anonymous_5)
FN:72,(anonymous_6)
FN:76,(anonymous_7)
FN:82,(anonymous_8)
FN:90,(anonymous_9)
FN:92,(anonymous_10)
FN:100,(anonymous_11)
FN:112,(anonymous_12)
FN:114,(anonymous_13)
FN:117,(anonymous_14)
FN:125,(anonymous_15)
FN:131,(anonymous_16)
FN:135,(anonymous_17)
FN:139,(anonymous_18)
FN:150,(anonymous_19)
FN:155,(anonymous_20)
FN:159,(anonymous_21)
FNF:22
FNH:9
FNDA:1,(anonymous_0)
FNDA:0,(anonymous_1)
FNDA:1,(anonymous_2)
FNDA:1,(anonymous_3)
FNDA:1,(anonymous_4)
FNDA:1,(anonymous_5)
FNDA:0,(anonymous_6)
FNDA:0,(anonymous_7)
FNDA:1,(anonymous_8)
FNDA:0,(anonymous_9)
FNDA:0,(anonymous_10)
FNDA:0,(anonymous_11)
FNDA:1,(anonymous_12)
FNDA:2,(anonymous_13)
FNDA:0,(anonymous_14)
FNDA:0,(anonymous_15)
FNDA:2,(anonymous_16)
FNDA:0,(anonymous_17)
FNDA:0,(anonymous_18)
FNDA:0,(anonymous_19)
FNDA:0,(anonymous_20)
FNDA:0,(anonymous_21)
DA:1,3
DA:2,3
DA:17,3
DA:18,3
DA:27,1
DA:28,1
DA:34,1
DA:35,1
DA:37,1
DA:38,0
DA:41,1
DA:42,0
DA:45,1
DA:46,1
DA:47,0
DA:49,1
DA:50,1
DA:51,1
DA:55,1
DA:56,1
DA:57,1
DA:58,1
DA:62,1
DA:66,1
DA:67,1
DA:73,0
DA:77,0
DA:78,0
DA:84,1
DA:85,1
DA:86,1
DA:89,1
DA:90,1
DA:91,0
DA:92,0
DA:93,0
DA:101,0
DA:104,1
DA:105,0
DA:106,0
DA:107,0
DA:108,0
DA:113,1
DA:115,2
DA:118,0
DA:119,0
DA:120,0
DA:121,0
DA:123,0
DA:126,0
DA:132,2
DA:136,0
DA:141,0
DA:142,0
DA:143,0
DA:144,0
DA:145,0
DA:147,0
DA:148,0
DA:150,0
DA:151,0
DA:156,0
DA:160,0
LF:63
LH:31
BRDA:105,0,0,0
BRDA:105,0,1,0
BRDA:107,1,0,0
BRDA:107,1,1,0
BRDA:37,2,0,0
BRDA:37,2,1,1
BRDA:41,3,0,0
BRDA:41,3,1,1
BRDA:45,4,0,1
BRDA:45,4,1,0
BRDA:77,5,0,0
BRDA:77,5,1,0
BRDA:77,6,0,0
BRDA:77,6,1,0
BRDA:84,7,0,1
BRDA:84,7,1,0
BRDA:84,8,0,1
BRDA:84,8,1,1
BRDA:89,9,0,1
BRDA:89,9,1,0
BRDA:119,10,0,0
BRDA:119,10,1,0
BRDA:141,11,0,0
BRDA:141,11,1,0
BRDA:144,12,0,0
BRDA:144,12,1,0
BRDA:147,13,0,0
BRDA:147,13,1,0
BRDA:147,14,0,0
BRDA:147,14,1,0
BRDA:156,15,0,0
BRDA:156,15,1,0
BRDA:160,16,0,0
BRDA:160,16,1,0
BRF:34
BRH:7
end_of_record
TN:
SF:src/core/eventbus/eventbus.ts
FN:7,(anonymous_0)
FN:10,(anonymous_1)
FN:17,(anonymous_2)
FN:23,(anonymous_3)
FN:27,(anonymous_4)
FN:29,(anonymous_5)
FNF:6
FNH:4
FNDA:1,(anonymous_0)
FNDA:4,(anonymous_1)
FNDA:0,(anonymous_2)
FNDA:0,(anonymous_3)
FNDA:3,(anonymous_4)
FNDA:3,(anonymous_5)
DA:7,3
DA:8,1
DA:11,4
DA:12,4
DA:14,4
DA:18,0
DA:19,0
DA:22,0
DA:23,0
DA:28,3
DA:29,3
DA:30,3
LF:12
LH:8
BRDA:11,0,0,4
BRDA:11,0,1,0
BRDA:18,1,0,0
BRDA:18,1,1,0
BRDA:28,2,0,0
BRDA:28,2,1,3
BRF:6
BRH:2
end_of_record
TN:
SF:src/core/http/HTTP.ts
FN:22,(anonymous_0)
FN:28,(anonymous_1)
FN:32,(anonymous_2)
FN:36,(anonymous_3)
FN:40,(anonymous_4)
FN:44,(anonymous_5)
FN:51,(anonymous_6)
FN:63,(anonymous_7)
FN:69,(anonymous_8)
FNF:9
FNH:5
FNDA:4,(anonymous_0)
FNDA:3,(anonymous_1)
FNDA:0,(anonymous_2)
FNDA:0,(anonymous_3)
FNDA:0,(anonymous_4)
FNDA:3,(anonymous_5)
FNDA:3,(anonymous_6)
FNDA:0,(anonymous_7)
FNDA:3,(anonymous_8)
DA:1,3
DA:2,3
DA:8,3
DA:15,3
DA:17,4
DA:20,4
DA:23,4
DA:24,4
DA:28,4
DA:29,3
DA:32,4
DA:33,0
DA:36,4
DA:37,0
DA:40,4
DA:41,0
DA:44,4
DA:45,3
DA:46,3
DA:47,3
DA:48,3
DA:49,3
DA:51,3
DA:52,3
DA:55,3
DA:56,0
DA:59,3
DA:60,3
DA:62,3
DA:63,0
DA:64,0
DA:69,3
DA:70,3
DA:71,0
DA:73,3
DA:74,1
DA:76,2
DA:80,3
DA:82,3
DA:83,3
DA:84,3
DA:86,3
DA:87,3
DA:89,0
LF:44
LH:36
BRDA:28,0,0,3
BRDA:32,1,0,0
BRDA:36,2,0,0
BRDA:40,3,0,0
BRDA:44,4,0,0
BRDA:44,5,0,3
BRDA:48,6,0,3
BRDA:48,6,1,0
BRDA:55,7,0,0
BRDA:55,7,1,3
BRDA:55,8,0,3
BRDA:55,8,1,3
BRDA:62,9,0,0
BRDA:62,9,1,3
BRDA:70,10,0,0
BRDA:70,10,1,3
BRDA:73,11,0,1
BRDA:73,11,1,2
BRDA:86,12,0,3
BRDA:86,12,1,0
BRDA:23,13,0,4
BRDA:23,13,1,0
BRF:22
BRH:12
end_of_record
TN:
SF:src/core/http/queryStringify.ts
FN:3,queryStringify
FN:9,(anonymous_1)
FN:14,(anonymous_2)
FN:23,(anonymous_3)
FNF:4
FNH:0
FNDA:0,queryStringify
FNDA:0,(anonymous_1)
FNDA:0,(anonymous_2)
FNDA:0,(anonymous_3)
DA:3,3
DA:4,0
DA:5,0
DA:8,0
DA:9,0
DA:10,0
DA:11,0
DA:13,0
DA:14,0
DA:19,0
DA:22,0
DA:23,0
DA:28,0
DA:31,0
LF:14
LH:1
BRDA:4,0,0,0
BRDA:4,0,1,0
BRDA:11,1,0,0
BRDA:11,1,1,0
BRDA:13,2,0,0
BRDA:13,2,1,0
BRDA:22,3,0,0
BRDA:22,3,1,0
BRF:8
BRH:0
end_of_record
TN:
SF:src/core/router/router.ts
FN:24,(anonymous_0)
FN:34,(anonymous_1)
FN:46,(anonymous_2)
FN:47,(anonymous_3)
FN:64,(anonymous_4)
FN:93,(anonymous_5)
FN:94,(anonymous_6)
FN:97,(anonymous_7)
FN:102,(anonymous_8)
FN:106,(anonymous_9)
FN:110,(anonymous_10)
FN:112,(anonymous_11)
FN:116,(anonymous_12)
FN:117,(anonymous_13)
FN:122,(anonymous_14)
FNF:15
FNH:0
FNDA:0,(anonymous_0)
FNDA:0,(anonymous_1)
FNDA:0,(anonymous_2)
FNDA:0,(anonymous_3)
FNDA:0,(anonymous_4)
FNDA:0,(anonymous_5)
FNDA:0,(anonymous_6)
FNDA:0,(anonymous_7)
FNDA:0,(anonymous_8)
FNDA:0,(anonymous_9)
FNDA:0,(anonymous_10)
FNDA:0,(anonymous_11)
FNDA:0,(anonymous_12)
FNDA:0,(anonymous_13)
FNDA:0,(anonymous_14)
DA:2,3
DA:3,3
DA:11,3
DA:14,0
DA:15,0
DA:20,0
DA:21,0
DA:25,0
DA:26,0
DA:28,0
DA:29,0
DA:31,0
DA:36,0
DA:37,0
DA:43,0
DA:47,0
DA:48,0
DA:49,0
DA:52,0
DA:53,0
DA:54,0
DA:55,0
DA:56,0
DA:57,0
DA:58,0
DA:59,0
DA:61,0
DA:65,0
DA:66,0
DA:68,0
DA:69,0
DA:70,0
DA:73,0
DA:74,0
DA:75,0
DA:78,0
DA:79,0
DA:80,0
DA:83,0
DA:84,0
DA:86,0
DA:88,0
DA:94,0
DA:98,0
DA:99,0
DA:103,0
DA:107,0
DA:111,0
DA:112,0
DA:113,0
DA:117,0
DA:118,0
DA:123,0
DA:124,0
DA:125,0
DA:126,0
DA:127,0
LF:57
LH:3
BRDA:25,0,0,0
BRDA:25,0,1,0
BRDA:28,1,0,0
BRDA:28,1,1,0
BRDA:36,2,0,0
BRDA:36,2,1,0
BRDA:48,3,0,0
BRDA:48,3,1,0
BRDA:54,4,0,0
BRDA:54,4,1,0
BRDA:54,5,0,0
BRDA:54,5,1,0
BRDA:54,5,2,0
BRDA:57,6,0,0
BRDA:57,6,1,0
BRDA:57,7,0,0
BRDA:57,7,1,0
BRDA:57,7,2,0
BRDA:68,8,0,0
BRDA:68,8,1,0
BRDA:68,9,0,0
BRDA:68,9,1,0
BRDA:68,9,2,0
BRDA:73,10,0,0
BRDA:73,10,1,0
BRDA:78,11,0,0
BRDA:78,11,1,0
BRDA:78,12,0,0
BRDA:78,12,1,0
BRDA:86,13,0,0
BRDA:86,13,1,0
BRDA:111,14,0,0
BRDA:111,14,1,0
BRDA:126,15,0,0
BRDA:126,15,1,0
BRF:35
BRH:0
end_of_record
TN:
SF:src/core/store/store.ts
FN:22,(anonymous_0)
FN:36,(anonymous_1)
FN:40,(anonymous_2)
FN:45,(anonymous_3)
FN:47,(anonymous_4)
FN:50,(anonymous_5)
FN:54,(anonymous_6)
FN:58,(anonymous_7)
FN:61,(anonymous_8)
FN:70,(anonymous_9)
FN:78,(anonymous_10)
FNF:11
FNH:0
FNDA:0,(anonymous_0)
FNDA:0,(anonymous_1)
FNDA:0,(anonymous_2)
FNDA:0,(anonymous_3)
FNDA:0,(anonymous_4)
FNDA:0,(anonymous_5)
FNDA:0,(anonymous_6)
FNDA:0,(anonymous_7)
FNDA:0,(anonymous_8)
FNDA:0,(anonymous_9)
FNDA:0,(anonymous_10)
DA:1,3
DA:2,3
DA:5,3
DA:7,3
DA:18,0
DA:19,0
DA:20,0
DA:24,0
DA:25,0
DA:29,0
DA:30,0
DA:31,0
DA:32,0
DA:33,0
DA:37,0
DA:41,0
DA:42,0
DA:46,0
DA:47,0
DA:51,0
DA:55,0
DA:59,0
DA:60,0
DA:61,0
DA:62,0
DA:65,0
DA:71,0
DA:72,0
DA:74,0
DA:80,0
DA:81,0
DA:82,0
DA:83,0
LF:33
LH:4
BRDA:22,0,0,0
BRDA:22,1,0,0
BRDA:24,2,0,0
BRDA:24,2,1,0
BRDA:46,3,0,0
BRDA:46,3,1,0
BRDA:59,4,0,0
BRDA:59,4,1,0
BRDA:60,5,0,0
BRDA:60,5,1,0
BRDA:70,6,0,0
BRDA:72,7,0,0
BRDA:72,7,1,0
BRDA:78,8,0,0
BRDA:81,9,0,0
BRDA:81,9,1,0
BRF:16
BRH:0
end_of_record
TN:
SF:src/core/util/check-field.ts
FN:5,checkField
FNF:1
FNH:0
FNDA:0,checkField
DA:5,3
DA:6,0
DA:7,0
DA:8,0
DA:10,0
DA:11,0
DA:12,0
DA:13,0
DA:15,0
DA:17,0
DA:18,0
DA:19,0
DA:20,0
DA:22,0
DA:25,0
DA:26,0
DA:27,0
DA:29,0
DA:31,0
DA:32,0
DA:34,0
DA:35,0
DA:37,0
DA:38,0
DA:39,0
DA:41,0
DA:43,0
DA:44,0
DA:46,0
LF:29
LH:1
BRDA:9,0,0,0
BRDA:9,0,1,0
BRDA:9,0,2,0
BRDA:9,0,3,0
BRDA:9,0,4,0
BRDA:9,0,5,0
BRDA:9,0,6,0
BRDA:11,1,0,0
BRDA:11,1,1,0
BRDA:11,2,0,0
BRDA:11,2,1,0
BRDA:18,3,0,0
BRDA:18,3,1,0
BRDA:18,4,0,0
BRDA:18,4,1,0
BRDA:25,5,0,0
BRDA:25,5,1,0
BRDA:37,6,0,0
BRDA:37,6,1,0
BRF:19
BRH:0
end_of_record
TN:
SF:src/core/util/check-form.ts
FN:5,(anonymous_0)
FNF:1
FNH:0
FNDA:0,(anonymous_0)
DA:1,3
DA:2,3
DA:5,3
DA:6,0
DA:7,0
DA:8,0
DA:9,0
DA:10,0
DA:13,0
LF:9
LH:3
BRDA:8,0,0,0
BRDA:8,0,1,0
BRF:2
BRH:0
end_of_record
TN:
SF:src/core/util/dom-element.ts
FN:6,(anonymous_0)
FN:13,(anonymous_1)
FN:21,(anonymous_2)
FN:26,(anonymous_3)
FN:30,(anonymous_4)
FN:36,(anonymous_5)
FN:42,(anonymous_6)
FN:49,(anonymous_7)
FN:56,(anonymous_8)
FN:64,(anonymous_9)
FN:72,(anonymous_10)
FN:74,(anonymous_11)
FN:78,(anonymous_12)
FN:88,(anonymous_13)
FN:92,(anonymous_14)
FN:96,(anonymous_15)
FN:101,(anonymous_16)
FN:106,(anonymous_17)
FN:127,$
FNF:19
FNH:3
FNDA:1,(anonymous_0)
FNDA:0,(anonymous_1)
FNDA:0,(anonymous_2)
FNDA:0,(anonymous_3)
FNDA:0,(anonymous_4)
FNDA:1,(anonymous_5)
FNDA:0,(anonymous_6)
FNDA:0,(anonymous_7)
FNDA:0,(anonymous_8)
FNDA:0,(anonymous_9)
FNDA:0,(anonymous_10)
FNDA:0,(anonymous_11)
FNDA:0,(anonymous_12)
FNDA:0,(anonymous_13)
FNDA:0,(anonymous_14)
FNDA:0,(anonymous_15)
FNDA:0,(anonymous_16)
FNDA:0,(anonymous_17)
FNDA:1,$
DA:1,3
DA:3,3
DA:7,1
DA:8,0
DA:10,1
DA:15,0
DA:16,0
DA:18,0
DA:22,0
DA:23,0
DA:27,0
DA:31,0
DA:32,0
DA:37,1
DA:38,1
DA:43,0
DA:44,0
DA:46,0
DA:50,0
DA:51,0
DA:53,0
DA:57,0
DA:58,0
DA:60,0
DA:65,0
DA:66,0
DA:67,0
DA:69,0
DA:73,0
DA:74,0
DA:79,0
DA:80,0
DA:82,0
DA:83,0
DA:85,0
DA:89,0
DA:93,0
DA:97,0
DA:98,0
DA:102,0
DA:107,0
DA:108,0
DA:127,3
DA:128,1
LF:44
LH:8
BRDA:7,0,0,0
BRDA:7,0,1,1
BRDA:13,1,0,0
BRDA:15,2,0,0
BRDA:15,2,1,0
BRDA:22,3,0,0
BRDA:22,3,1,0
BRDA:27,4,0,0
BRDA:27,4,1,0
BRDA:31,5,0,0
BRDA:31,5,1,0
BRDA:31,6,0,0
BRDA:31,6,1,0
BRDA:37,7,0,1
BRDA:37,7,1,0
BRDA:37,8,0,1
BRDA:37,8,1,1
BRDA:43,9,0,0
BRDA:43,9,1,0
BRDA:50,10,0,0
BRDA:50,10,1,0
BRDA:57,11,0,0
BRDA:57,11,1,0
BRDA:65,12,0,0
BRDA:65,12,1,0
BRDA:73,13,0,0
BRDA:73,13,1,0
BRDA:78,14,0,0
BRDA:79,15,0,0
BRDA:79,15,1,0
BRDA:79,16,0,0
BRDA:79,16,1,0
BRDA:82,17,0,0
BRDA:82,17,1,0
BRDA:89,18,0,0
BRDA:89,18,1,0
BRDA:93,19,0,0
BRDA:93,19,1,0
BRDA:97,20,0,0
BRDA:97,20,1,0
BRDA:107,21,0,0
BRDA:107,21,1,0
BRF:42
BRH:4
end_of_record
TN:
SF:src/core/util/error.ts
FN:1,errorRequest
FNF:1
FNH:1
FNDA:1,errorRequest
DA:1,1
DA:3,1
DA:4,1
DA:6,0
DA:7,0
DA:9,1
LF:6
LH:4
BRDA:3,0,0,1
BRDA:3,0,1,0
BRF:2
BRH:1
end_of_record
TN:
SF:src/core/util/escape.ts
FN:1,escape
FN:10,(anonymous_1)
FNF:2
FNH:0
FNDA:0,escape
FNDA:0,(anonymous_1)
DA:1,3
DA:2,0
DA:10,0
DA:11,0
LF:4
LH:1
BRF:0
BRH:0
end_of_record
TN:
SF:src/core/util/findState.ts
FN:6,findState
FNF:1
FNH:1
FNDA:3,findState
DA:6,3
DA:8,3
DA:10,3
DA:12,3
DA:13,5
DA:14,5
DA:15,0
DA:18,5
DA:21,3
LF:9
LH:8
BRDA:14,0,0,0
BRDA:14,0,1,5
BRDA:14,1,0,5
BRDA:14,1,1,5
BRF:4
BRH:3
end_of_record
TN:
SF:src/core/util/globalObject.ts
FN:3,getGlobalObject
FN:14,isNodeEnv
FNF:2
FNH:2
FNDA:4,getGlobalObject
FNDA:4,isNodeEnv
DA:1,3
DA:3,3
DA:4,4
DA:14,3
DA:15,4
LF:5
LH:5
BRDA:5,0,0,4
BRDA:5,0,1,0
BRDA:7,1,0,0
BRDA:7,1,1,0
BRDA:9,2,0,0
BRDA:9,2,1,0
BRDA:17,3,0,4
BRDA:17,3,1,0
BRF:8
BRH:2
end_of_record
TN:
SF:src/core/util/index.ts
FN:12,(anonymous_0)
FN:11,(anonymous_1)
FN:10,(anonymous_2)
FN:13,(anonymous_3)
FN:14,(anonymous_4)
FN:15,(anonymous_5)
FN:16,(anonymous_6)
FNF:7
FNH:2
FNDA:0,(anonymous_0)
FNDA:0,(anonymous_1)
FNDA:0,(anonymous_2)
FNDA:3,(anonymous_3)
FNDA:3,(anonymous_4)
FNDA:0,(anonymous_5)
FNDA:0,(anonymous_6)
DA:1,3
DA:2,3
DA:3,3
DA:4,3
DA:5,3
DA:6,3
DA:7,3
DA:10,3
DA:11,3
DA:12,3
DA:13,6
DA:14,6
DA:15,3
DA:16,3
LF:14
LH:14
BRF:0
BRH:0
end_of_record
TN:
SF:src/core/util/object-form.ts
FN:1,objectForm
FNF:1
FNH:0
FNDA:0,objectForm
DA:1,3
DA:3,0
DA:5,0
DA:6,0
DA:9,0
LF:5
LH:1
BRF:0
BRH:0
end_of_record
TN:
SF:src/core/util/setState.ts
FN:5,setState
FN:15,(anonymous_1)
FN:27,merge
FN:28,(anonymous_3)
FNF:4
FNH:4
FNDA:3,setState
FNDA:3,(anonymous_1)
FNDA:5,merge
FNDA:13,(anonymous_3)
DA:5,3
DA:6,3
DA:7,0
DA:9,3
DA:10,0
DA:12,3
DA:13,3
DA:15,3
DA:16,3
DA:17,3
DA:18,3
DA:21,0
DA:22,0
DA:28,5
DA:29,13
DA:30,13
DA:31,2
DA:32,1
DA:33,2
DA:36,11
DA:39,5
DA:41,3
LF:22
LH:18
BRDA:6,0,0,0
BRDA:6,0,1,3
BRDA:9,1,0,0
BRDA:9,1,1,3
BRDA:16,2,0,3
BRDA:16,2,1,0
BRDA:30,3,0,2
BRDA:30,3,1,11
BRDA:30,4,0,13
BRDA:30,4,1,5
BRDA:30,4,2,3
BRDA:31,5,0,1
BRDA:31,5,1,1
BRF:13
BRH:10
end_of_record
TN:
SF:src/core/util/util.ts
FN:7,(anonymous_0)
FN:11,(anonymous_1)
FN:15,(anonymous_2)
FN:22,(anonymous_3)
FNF:4
FNH:2
FNDA:0,(anonymous_0)
FNDA:2,(anonymous_1)
FNDA:1,(anonymous_2)
FNDA:0,(anonymous_3)
DA:5,3
DA:8,0
DA:12,2
DA:16,1
DA:17,0
DA:19,1
DA:23,0
DA:24,0
DA:25,0
DA:27,0
DA:28,0
DA:29,0
DA:30,0
LF:13
LH:4
BRDA:16,0,0,0
BRDA:16,0,1,1
BRDA:16,1,0,1
BRDA:16,1,1,1
BRDA:23,2,0,0
BRDA:23,2,1,0
BRDA:24,3,0,0
BRDA:24,3,1,0
BRF:8
BRH:3
end_of_record
